[2024/12/19 15:49:55]: §9          __             _       
[2024/12/19 15:49:55]: §9  _ __   / /  ___   __ _(_)_ __  
[2024/12/19 15:49:55]: §9 | '_ \ / /  / _ \ / _` | | '_ \ 
[2024/12/19 15:49:55]: §9 | | | / /__| (_) | (_| | | | | |
[2024/12/19 15:49:55]: §9 |_| |_\____/\___/ \__, |_|_| |_|
[2024/12/19 15:49:55]: §9                  |___/            
[2024/12/19 15:49:55]: §9 By: www.nickuc.com - V 10.4.18 DEVELOPMENT
[2024/12/19 15:49:55]: §9 
[2024/12/19 15:49:55]: §3[nLogin] [DEBUG] All settings were loaded in 91 ms.
[2024/12/19 15:49:56]: §3[nLogin] [DEBUG] Loading the messages_es.yml message file...
[2024/12/19 15:49:56]: §3[nLogin] [DEBUG] All plugin messages were loaded in 81 ms (languageByClient=false).
[2024/12/19 15:49:56]: §3[nLogin] [DEBUG] All proxy settings were loaded in 2 ms.
[2024/12/19 15:49:56]: §3[nLogin] [DEBUG] Loading database...
[2024/12/19 15:49:56]: §3[nLogin] [DEBUG] Starting logger filter...
[2024/12/19 15:56:51]: §3[nLogin] [DEBUG] [SQLite] [UPDATE]: "UPDATE `nlogin` SET `last_name` = 'Mdinqt', `unique_id` = f1afec0ddcc839178765ef5f0051b637,  `mojang_id` = null,  `bedrock_id` = null,  `password` = '$2a$10$kZ4bPIg7VGvwr2DBUtD9euUajnmpFFDhRAHyt/DfISPS/twL7ECsG', `last_ip` = '45.232.195.194', `creation_date` = 2024-12-14 11:55:52.09, `last_seen` = 2024-12-19 15:56:51.277, `email` = null, `discord` = null, `settings` = '{"settings":[{"value":"es","key":"language"}],"version":0}' WHERE `ai` = 1" (applied to [last_ip, last_seen, settings] columns)
[2024/12/19 15:56:51]: [nLogin] The user Mdinqt has successfully logged in.
[2024/12/19 16:13:21]: §3[nLogin] [DEBUG] [SQLite] [UPDATE]: "UPDATE `nlogin` SET `last_name` = 'Mdinqt', `unique_id` = f1afec0ddcc839178765ef5f0051b637,  `mojang_id` = null,  `bedrock_id` = null,  `password` = '$2a$10$kZ4bPIg7VGvwr2DBUtD9euUajnmpFFDhRAHyt/DfISPS/twL7ECsG', `last_ip` = '45.232.195.194', `creation_date` = 2024-12-14 11:55:52.09, `last_seen` = 2024-12-19 16:13:21.503, `email` = null, `discord` = null, `settings` = '{"settings":[{"value":"es","key":"language"}],"version":0}' WHERE `ai` = 1" (applied to [last_seen, settings] columns)
[2024/12/19 18:58:10]: §3[nLogin] [DEBUG] [SQLite] [UPDATE]: "UPDATE `nlogin` SET `last_name` = 'Mdinqt', `unique_id` = f1afec0ddcc839178765ef5f0051b637,  `mojang_id` = null,  `bedrock_id` = null,  `password` = '$2a$10$kZ4bPIg7VGvwr2DBUtD9euUajnmpFFDhRAHyt/DfISPS/twL7ECsG', `last_ip` = '45.232.195.194', `creation_date` = 2024-12-14 11:55:52.09, `last_seen` = 2024-12-19 18:58:10.205, `email` = null, `discord` = null, `settings` = '{"settings":[{"value":"es","key":"language"}],"version":0}' WHERE `ai` = 1" (applied to [last_ip, last_seen, settings] columns)
[2024/12/19 18:58:10]: [nLogin] The user Mdinqt has successfully logged in.
[2024/12/19 20:54:05]: §3[nLogin] [DEBUG] [SQLite] [UPDATE]: "UPDATE `nlogin` SET `last_name` = 'Mdinqt', `unique_id` = f1afec0ddcc839178765ef5f0051b637,  `mojang_id` = null,  `bedrock_id` = null,  `password` = '$2a$10$kZ4bPIg7VGvwr2DBUtD9euUajnmpFFDhRAHyt/DfISPS/twL7ECsG', `last_ip` = '45.232.195.194', `creation_date` = 2024-12-14 11:55:52.09, `last_seen` = 2024-12-19 20:54:05.594, `email` = null, `discord` = null, `settings` = '{"settings":[{"value":"es","key":"language"}],"version":0}' WHERE `ai` = 1" (applied to [last_seen, settings] columns)
[2024/12/19 20:54:41]: [nLogin] Successful plugin core shutdown (took 0.00s)
