[2024/12/18 14:43:40]: §9          __             _       
[2024/12/18 14:43:40]: §9  _ __   / /  ___   __ _(_)_ __  
[2024/12/18 14:43:40]: §9 | '_ \ / /  / _ \ / _` | | '_ \ 
[2024/12/18 14:43:40]: §9 | | | / /__| (_) | (_| | | | | |
[2024/12/18 14:43:40]: §9 |_| |_\____/\___/ \__, |_|_| |_|
[2024/12/18 14:43:40]: §9                  |___/            
[2024/12/18 14:43:40]: §9 By: www.nickuc.com - V 10.4.18 DEVELOPMENT
[2024/12/18 14:43:40]: §9 
[2024/12/18 14:43:40]: §3[nLogin] [DEBUG] All settings were loaded in 84 ms.
[2024/12/18 14:43:40]: §3[nLogin] [DEBUG] Loading the messages_es.yml message file...
[2024/12/18 14:43:40]: §3[nLogin] [DEBUG] All plugin messages were loaded in 76 ms (languageByClient=false).
[2024/12/18 14:43:40]: §3[nLogin] [DEBUG] All proxy settings were loaded in 2 ms.
[2024/12/18 14:43:41]: §3[nLogin] [DEBUG] Loading database...
[2024/12/18 14:43:41]: §3[nLogin] [DEBUG] Starting logger filter...
[2024/12/18 15:08:13]: §3[nLogin] [DEBUG] All settings were loaded in 5 ms.
[2024/12/18 15:08:13]: §3[nLogin] [DEBUG] Loading the messages_es.yml message file...
[2024/12/18 15:08:13]: §3[nLogin] [DEBUG] All plugin messages were loaded in 4 ms (languageByClient=false).
[2024/12/18 15:08:13]: §3[nLogin] [DEBUG] All proxy settings were loaded in 0 ms.
[2024/12/18 15:09:19]: §3[nLogin] [DEBUG] [SQLite] [UPDATE]: "UPDATE `nlogin` SET `last_name` = 'Mdinqt', `unique_id` = f1afec0ddcc839178765ef5f0051b637,  `mojang_id` = null,  `bedrock_id` = null,  `password` = '$2a$10$kZ4bPIg7VGvwr2DBUtD9euUajnmpFFDhRAHyt/DfISPS/twL7ECsG', `last_ip` = '45.232.195.194', `creation_date` = 2024-12-14 11:55:52.09, `last_seen` = 2024-12-18 15:09:19.307, `email` = null, `discord` = null, `settings` = '{"settings":[{"value":"es","key":"language"}],"version":0}' WHERE `ai` = 1" (applied to [last_ip, last_seen, settings] columns)
[2024/12/18 15:09:19]: [nLogin] The user Mdinqt has successfully logged in.
[2024/12/18 15:46:09]: §3[nLogin] [DEBUG] [SQLite] [UPDATE]: "UPDATE `nlogin` SET `last_name` = 'Mdinqt', `unique_id` = f1afec0ddcc839178765ef5f0051b637,  `mojang_id` = null,  `bedrock_id` = null,  `password` = '$2a$10$kZ4bPIg7VGvwr2DBUtD9euUajnmpFFDhRAHyt/DfISPS/twL7ECsG', `last_ip` = '45.232.195.194', `creation_date` = 2024-12-14 11:55:52.09, `last_seen` = 2024-12-18 15:46:09.818, `email` = null, `discord` = null, `settings` = '{"settings":[{"value":"es","key":"language"}],"version":0}' WHERE `ai` = 1" (applied to [last_seen, settings] columns)
[2024/12/18 15:50:10]: [nLogin] Successful plugin core shutdown (took 0.00s)
