[2025/12/10 16:17:03]: §9          __             _       
[2025/12/10 16:17:03]: §9  _ __   / /  ___   __ _(_)_ __  
[2025/12/10 16:17:03]: §9 | '_ \ / /  / _ \ / _` | | '_ \ 
[2025/12/10 16:17:03]: §9 | | | / /__| (_) | (_| | | | | |
[2025/12/10 16:17:03]: §9 |_| |_\____/\___/ \__, |_|_| |_|
[2025/12/10 16:17:03]: §9                  |___/            
[2025/12/10 16:17:03]: §9 By: www.nickuc.com - V 10.4.21
[2025/12/10 16:17:03]: §9 
[2025/12/10 16:17:03]: §3[nLogin] [DEBUG] All settings were loaded in 310 ms.
[2025/12/10 16:17:03]: §3[nLogin] [DEBUG] Loading the messages_es.yml message file...
[2025/12/10 16:17:03]: §3[nLogin] [DEBUG] All plugin messages were loaded in 137 ms (languageByClient=false).
[2025/12/10 16:17:03]: §3[nLogin] [DEBUG] All proxy settings were loaded in 5 ms.
[2025/12/10 16:17:03]: §3[nLogin] [DEBUG] Loading database...
[2025/12/10 16:17:04]: §3[nLogin] [DEBUG] Starting logger filter...
[2025/12/10 16:19:47]: §3[nLogin] [DEBUG] [SQLite] [UPDATE]: "UPDATE `nlogin` SET `last_name` = 'Mdinqt', `unique_id` = f1afec0ddcc839178765ef5f0051b637,  `mojang_id` = null,  `bedrock_id` = null,  `password` = '$2a$10$kZ4bPIg7VGvwr2DBUtD9euUajnmpFFDhRAHyt/DfISPS/twL7ECsG', `last_ip` = '127.22.217.176', `creation_date` = 2024-12-14 16:55:52.09, `last_seen` = 2025-12-10 16:19:47.75, `email` = null, `discord` = null, `settings` = '{"settings":[{"value":"es","key":"language"}],"version":0}' WHERE `ai` = 1" (applied to [last_ip, last_seen, settings] columns)
[2025/12/10 16:19:47]: [nLogin] The user Mdinqt has successfully logged in.
[2025/12/10 16:55:47]: §3[nLogin] [DEBUG] [SQLite] [UPDATE]: "UPDATE `nlogin` SET `last_name` = 'Mdinqt', `unique_id` = f1afec0ddcc839178765ef5f0051b637,  `mojang_id` = null,  `bedrock_id` = null,  `password` = '$2a$10$kZ4bPIg7VGvwr2DBUtD9euUajnmpFFDhRAHyt/DfISPS/twL7ECsG', `last_ip` = '127.22.217.176', `creation_date` = 2024-12-14 16:55:52.09, `last_seen` = 2025-12-10 16:55:47.188, `email` = null, `discord` = null, `settings` = '{"settings":[{"value":"es","key":"language"}],"version":0}' WHERE `ai` = 1" (applied to [last_seen, settings] columns)
[2025/12/10 16:56:12]: §3[nLogin] [DEBUG] [SQLite] [UPDATE]: "UPDATE `nlogin` SET `last_name` = 'Mdinqt', `unique_id` = f1afec0ddcc839178765ef5f0051b637,  `mojang_id` = null,  `bedrock_id` = null,  `password` = '$2a$10$kZ4bPIg7VGvwr2DBUtD9euUajnmpFFDhRAHyt/DfISPS/twL7ECsG', `last_ip` = '127.22.217.176', `creation_date` = 2024-12-14 16:55:52.09, `last_seen` = 2025-12-10 16:56:12.037, `email` = null, `discord` = null, `settings` = '{"settings":[{"value":"es","key":"language"}],"version":0}' WHERE `ai` = 1" (applied to [last_ip, last_seen, settings] columns)
[2025/12/10 16:56:12]: [nLogin] The user Mdinqt has successfully logged in.
[2025/12/10 18:21:24]: §3[nLogin] [DEBUG] [SQLite] [UPDATE]: "UPDATE `nlogin` SET `last_name` = 'Mdinqt', `unique_id` = f1afec0ddcc839178765ef5f0051b637,  `mojang_id` = null,  `bedrock_id` = null,  `password` = '$2a$10$kZ4bPIg7VGvwr2DBUtD9euUajnmpFFDhRAHyt/DfISPS/twL7ECsG', `last_ip` = '127.22.217.176', `creation_date` = 2024-12-14 16:55:52.09, `last_seen` = 2025-12-10 18:21:24.331, `email` = null, `discord` = null, `settings` = '{"settings":[{"value":"es","key":"language"}],"version":0}' WHERE `ai` = 1" (applied to [last_seen, settings] columns)
[2025/12/10 18:21:43]: [nLogin] Successful plugin core shutdown (took 0.00s)
