[2025/12/15 20:50:03]: §9          __             _       
[2025/12/15 20:50:03]: §9  _ __   / /  ___   __ _(_)_ __  
[2025/12/15 20:50:03]: §9 | '_ \ / /  / _ \ / _` | | '_ \ 
[2025/12/15 20:50:03]: §9 | | | / /__| (_) | (_| | | | | |
[2025/12/15 20:50:03]: §9 |_| |_\____/\___/ \__, |_|_| |_|
[2025/12/15 20:50:03]: §9                  |___/            
[2025/12/15 20:50:03]: §9 By: www.nickuc.com - V 10.4.23
[2025/12/15 20:50:03]: §9 
[2025/12/15 20:50:04]: §3[nLogin] [DEBUG] All settings were loaded in 212 ms.
[2025/12/15 20:50:04]: §3[nLogin] [DEBUG] Loading the messages_es.yml message file...
[2025/12/15 20:50:04]: §3[nLogin] [DEBUG] All plugin messages were loaded in 73 ms (languageByClient=false).
[2025/12/15 20:50:04]: §3[nLogin] [DEBUG] All proxy settings were loaded in 3 ms.
[2025/12/15 20:50:04]: §3[nLogin] [DEBUG] Loading database...
[2025/12/15 20:50:04]: §3[nLogin] [DEBUG] Starting logger filter...
[2025/12/15 20:51:50]: §3[nLogin] [DEBUG] [SQLite] [UPDATE]: "UPDATE `nlogin` SET `last_name` = 'Cherry', `unique_id` = 0c66c486cd8f3b0e898a86e67438beef,  `mojang_id` = null,  `bedrock_id` = null,  `password` = '$2a$10$wRw996HBz9rwQS1kM5BX0ulbhcFuH8rpeJxLj1I2KUxlOQr85xxZa', `last_ip` = '127.22.217.176', `creation_date` = 2025-12-13 17:45:27.879, `last_seen` = 2025-12-15 20:51:50.972, `email` = null, `discord` = null, `settings` = '{"settings":[{"value":"es","key":"language"}],"version":0}' WHERE `ai` = 5" (applied to [last_ip, last_seen, settings] columns)
[2025/12/15 20:51:51]: [nLogin] The user Cherry has successfully logged in.
[2025/12/15 20:53:28]: §3[nLogin] [DEBUG] [SQLite] [UPDATE]: "UPDATE `nlogin` SET `last_name` = 'Cherry', `unique_id` = 0c66c486cd8f3b0e898a86e67438beef,  `mojang_id` = null,  `bedrock_id` = null,  `password` = '$2a$10$wRw996HBz9rwQS1kM5BX0ulbhcFuH8rpeJxLj1I2KUxlOQr85xxZa', `last_ip` = '127.22.217.176', `creation_date` = 2025-12-13 17:45:27.879, `last_seen` = 2025-12-15 20:53:28.346, `email` = null, `discord` = null, `settings` = '{"settings":[{"value":"es","key":"language"}],"version":0}' WHERE `ai` = 5" (applied to [last_seen, settings] columns)
[2025/12/15 20:53:51]: §3[nLogin] [DEBUG] [SQLite] [UPDATE]: "UPDATE `nlogin` SET `last_name` = 'Cherry', `unique_id` = 0c66c486cd8f3b0e898a86e67438beef,  `mojang_id` = null,  `bedrock_id` = null,  `password` = '$2a$10$wRw996HBz9rwQS1kM5BX0ulbhcFuH8rpeJxLj1I2KUxlOQr85xxZa', `last_ip` = '127.22.217.176', `creation_date` = 2025-12-13 17:45:27.879, `last_seen` = 2025-12-15 20:53:51.813, `email` = null, `discord` = null, `settings` = '{"settings":[{"value":"es","key":"language"}],"version":0}' WHERE `ai` = 5" (applied to [last_ip, last_seen, settings] columns)
[2025/12/15 20:53:51]: [nLogin] The user Cherry has successfully logged in.
[2025/12/15 20:54:04]: §3[nLogin] [DEBUG] [SQLite] [UPDATE]: "UPDATE `nlogin` SET `last_name` = 'Cherry', `unique_id` = 0c66c486cd8f3b0e898a86e67438beef,  `mojang_id` = null,  `bedrock_id` = null,  `password` = '$2a$10$wRw996HBz9rwQS1kM5BX0ulbhcFuH8rpeJxLj1I2KUxlOQr85xxZa', `last_ip` = '127.22.217.176', `creation_date` = 2025-12-13 17:45:27.879, `last_seen` = 2025-12-15 20:54:04.061, `email` = null, `discord` = null, `settings` = '{"settings":[{"value":"es","key":"language"}],"version":0}' WHERE `ai` = 5" (applied to [last_seen, settings] columns)
[2025/12/15 20:54:07]: [nLogin] Successful plugin core shutdown (took 0.00s)
