[2025/12/05 17:45:43]: §9          __             _       
[2025/12/05 17:45:43]: §9  _ __   / /  ___   __ _(_)_ __  
[2025/12/05 17:45:43]: §9 | '_ \ / /  / _ \ / _` | | '_ \ 
[2025/12/05 17:45:43]: §9 | | | / /__| (_) | (_| | | | | |
[2025/12/05 17:45:43]: §9 |_| |_\____/\___/ \__, |_|_| |_|
[2025/12/05 17:45:43]: §9                  |___/            
[2025/12/05 17:45:43]: §9 By: www.nickuc.com - V 10.4.21
[2025/12/05 17:45:43]: §9 
[2025/12/05 17:45:43]: §3[nLogin] [DEBUG] All settings were loaded in 272 ms.
[2025/12/05 17:45:43]: §3[nLogin] [DEBUG] Loading the messages_es.yml message file...
[2025/12/05 17:45:43]: §3[nLogin] [DEBUG] All plugin messages were loaded in 91 ms (languageByClient=false).
[2025/12/05 17:45:43]: §3[nLogin] [DEBUG] All proxy settings were loaded in 3 ms.
[2025/12/05 17:45:43]: §3[nLogin] [DEBUG] Loading database...
[2025/12/05 17:45:44]: §3[nLogin] [DEBUG] Starting logger filter...
[2025/12/05 17:47:08]: §3[nLogin] [DEBUG] [SQLite] [UPDATE]: "UPDATE `nlogin` SET `last_name` = 'Mdinqt', `unique_id` = f1afec0ddcc839178765ef5f0051b637,  `mojang_id` = null,  `bedrock_id` = null,  `password` = '$2a$10$kZ4bPIg7VGvwr2DBUtD9euUajnmpFFDhRAHyt/DfISPS/twL7ECsG', `last_ip` = '100.110.200.34', `creation_date` = 2024-12-14 16:55:52.09, `last_seen` = 2025-12-05 17:47:08.003, `email` = null, `discord` = null, `settings` = '{"settings":[{"value":"es","key":"language"}],"version":0}' WHERE `ai` = 1" (applied to [last_ip, last_seen, settings] columns)
[2025/12/05 17:47:08]: [nLogin] The user Mdinqt has successfully logged in.
[2025/12/05 18:02:06]: §3[nLogin] [DEBUG] [SQLite] [UPDATE]: "UPDATE `nlogin` SET `last_name` = 'Mdinqt', `unique_id` = f1afec0ddcc839178765ef5f0051b637,  `mojang_id` = null,  `bedrock_id` = null,  `password` = '$2a$10$kZ4bPIg7VGvwr2DBUtD9euUajnmpFFDhRAHyt/DfISPS/twL7ECsG', `last_ip` = '100.110.200.34', `creation_date` = 2024-12-14 16:55:52.09, `last_seen` = 2025-12-05 18:02:06.527, `email` = null, `discord` = null, `settings` = '{"settings":[{"value":"es","key":"language"}],"version":0}' WHERE `ai` = 1" (applied to [last_seen, settings] columns)
[2025/12/05 18:33:52]: §3[nLogin] [DEBUG] [SQLite] [UPDATE]: "UPDATE `nlogin` SET `last_name` = 'Mdinqt', `unique_id` = f1afec0ddcc839178765ef5f0051b637,  `mojang_id` = null,  `bedrock_id` = null,  `password` = '$2a$10$kZ4bPIg7VGvwr2DBUtD9euUajnmpFFDhRAHyt/DfISPS/twL7ECsG', `last_ip` = '100.110.200.34', `creation_date` = 2024-12-14 16:55:52.09, `last_seen` = 2025-12-05 18:33:52.144, `email` = null, `discord` = null, `settings` = '{"settings":[{"value":"es","key":"language"}],"version":0}' WHERE `ai` = 1" (applied to [last_ip, last_seen, settings] columns)
[2025/12/05 18:33:52]: [nLogin] The user Mdinqt has successfully logged in.
[2025/12/05 18:38:51]: [nLogin] Successful plugin core shutdown (took 0.00s)
