[2025/12/07 17:03:12]: §9          __             _       
[2025/12/07 17:03:12]: §9  _ __   / /  ___   __ _(_)_ __  
[2025/12/07 17:03:12]: §9 | '_ \ / /  / _ \ / _` | | '_ \ 
[2025/12/07 17:03:12]: §9 | | | / /__| (_) | (_| | | | | |
[2025/12/07 17:03:12]: §9 |_| |_\____/\___/ \__, |_|_| |_|
[2025/12/07 17:03:12]: §9                  |___/            
[2025/12/07 17:03:12]: §9 By: www.nickuc.com - V 10.4.21
[2025/12/07 17:03:12]: §9 
[2025/12/07 17:03:13]: §3[nLogin] [DEBUG] All settings were loaded in 187 ms.
[2025/12/07 17:03:13]: §3[nLogin] [DEBUG] Loading the messages_es.yml message file...
[2025/12/07 17:03:13]: §3[nLogin] [DEBUG] All plugin messages were loaded in 101 ms (languageByClient=false).
[2025/12/07 17:03:13]: §3[nLogin] [DEBUG] All proxy settings were loaded in 3 ms.
[2025/12/07 17:03:13]: §3[nLogin] [DEBUG] Loading database...
[2025/12/07 17:03:13]: §3[nLogin] [DEBUG] Starting logger filter...
[2025/12/07 17:04:54]: §3[nLogin] [DEBUG] [SQLite] [UPDATE]: "UPDATE `nlogin` SET `last_name` = 'Mdinqt', `unique_id` = f1afec0ddcc839178765ef5f0051b637,  `mojang_id` = null,  `bedrock_id` = null,  `password` = '$2a$10$kZ4bPIg7VGvwr2DBUtD9euUajnmpFFDhRAHyt/DfISPS/twL7ECsG', `last_ip` = '100.110.200.34', `creation_date` = 2024-12-14 16:55:52.09, `last_seen` = 2025-12-07 17:04:54.168, `email` = null, `discord` = null, `settings` = '{"settings":[{"value":"es","key":"language"}],"version":0}' WHERE `ai` = 1" (applied to [last_ip, last_seen, settings] columns)
[2025/12/07 17:04:54]: [nLogin] The user Mdinqt has successfully logged in.
[2025/12/07 17:49:59]: §3[nLogin] [DEBUG] [SQLite] [UPDATE]: "UPDATE `nlogin` SET `last_name` = 'Mdinqt', `unique_id` = f1afec0ddcc839178765ef5f0051b637,  `mojang_id` = null,  `bedrock_id` = null,  `password` = '$2a$10$kZ4bPIg7VGvwr2DBUtD9euUajnmpFFDhRAHyt/DfISPS/twL7ECsG', `last_ip` = '100.110.200.34', `creation_date` = 2024-12-14 16:55:52.09, `last_seen` = 2025-12-07 17:49:59.527, `email` = null, `discord` = null, `settings` = '{"settings":[{"value":"es","key":"language"}],"version":0}' WHERE `ai` = 1" (applied to [last_seen, settings] columns)
[2025/12/07 17:55:15]: §3[nLogin] [DEBUG] [SQLite] [UPDATE]: "UPDATE `nlogin` SET `last_name` = 'Mdinqt', `unique_id` = f1afec0ddcc839178765ef5f0051b637,  `mojang_id` = null,  `bedrock_id` = null,  `password` = '$2a$10$kZ4bPIg7VGvwr2DBUtD9euUajnmpFFDhRAHyt/DfISPS/twL7ECsG', `last_ip` = '100.110.200.34', `creation_date` = 2024-12-14 16:55:52.09, `last_seen` = 2025-12-07 17:55:15.167, `email` = null, `discord` = null, `settings` = '{"settings":[{"value":"es","key":"language"}],"version":0}' WHERE `ai` = 1" (applied to [last_ip, last_seen, settings] columns)
[2025/12/07 17:55:15]: [nLogin] The user Mdinqt has successfully logged in.
[2025/12/07 18:01:41]: §3[nLogin] [DEBUG] [SQLite] [UPDATE]: "UPDATE `nlogin` SET `last_name` = 'Mdinqt', `unique_id` = f1afec0ddcc839178765ef5f0051b637,  `mojang_id` = null,  `bedrock_id` = null,  `password` = '$2a$10$kZ4bPIg7VGvwr2DBUtD9euUajnmpFFDhRAHyt/DfISPS/twL7ECsG', `last_ip` = '100.110.200.34', `creation_date` = 2024-12-14 16:55:52.09, `last_seen` = 2025-12-07 18:01:41.818, `email` = null, `discord` = null, `settings` = '{"settings":[{"value":"es","key":"language"}],"version":0}' WHERE `ai` = 1" (applied to [last_seen, settings] columns)
[2025/12/07 18:04:37]: [nLogin] Successful plugin core shutdown (took 0.00s)
