[2025/01/14 18:04:35]: §9          __             _       
[2025/01/14 18:04:35]: §9  _ __   / /  ___   __ _(_)_ __  
[2025/01/14 18:04:35]: §9 | '_ \ / /  / _ \ / _` | | '_ \ 
[2025/01/14 18:04:35]: §9 | | | / /__| (_) | (_| | | | | |
[2025/01/14 18:04:35]: §9 |_| |_\____/\___/ \__, |_|_| |_|
[2025/01/14 18:04:35]: §9                  |___/            
[2025/01/14 18:04:35]: §9 By: www.nickuc.com - V 10.4.18 DEVELOPMENT
[2025/01/14 18:04:35]: §9 
[2025/01/14 18:04:35]: §3[nLogin] [DEBUG] All settings were loaded in 101 ms.
[2025/01/14 18:04:35]: §3[nLogin] [DEBUG] Loading the messages_es.yml message file...
[2025/01/14 18:04:35]: §3[nLogin] [DEBUG] All plugin messages were loaded in 116 ms (languageByClient=false).
[2025/01/14 18:04:35]: §3[nLogin] [DEBUG] All proxy settings were loaded in 3 ms.
[2025/01/14 18:04:35]: §3[nLogin] [DEBUG] Loading database...
[2025/01/14 18:04:36]: §3[nLogin] [DEBUG] Starting logger filter...
[2025/01/14 18:04:36]: §e[nLogin] [WARN] 
[2025/01/14 18:04:36]: §e[nLogin] [WARN] ProtocolLib was installed, but may not have loaded correctly.
[2025/01/14 18:04:36]: §e[nLogin] [WARN] If you decide to continue, some nLogin components may not fully function.
[2025/01/14 18:04:36]: §e[nLogin] [WARN] 
[2025/01/14 18:04:36]: §4[nLogin] [ERROR] §cCould not hook with ProtocolLib
java.lang.NoClassDefFoundError: com/comphenix/protocol/events/PacketListener
	at com.nickuc.login.πιμΦζΩτχβΦγυξΛ.I(:60)
	at com.nickuc.login.πιμΦζΩτχβΦγυξΛ.<init>(:55)
	at com.nickuc.login.ςμκΔΣιζρΛξΨιθφΠ.j(:176)
	at com.nickuc.login.ΨΨβυλξηνσθ.h(:214)
	at com.nickuc.login.φξγΦηχθοςι.h(:71)
	at com.nickuc.login.bukkit.nLoginBukkit.h(:59)
	at com.nickuc.login.ωωξΠζΨΛζροθδβγ.h(:69)
	at com.nickuc.login.πελπφβυψεσαωοΦ.ao(:295)
	at com.nickuc.login.φξγΦηχθοςι.enable(:49)
	at nLogin.jar//com.nickuc.login.loader.platform.BukkitLoader.onEnable(BukkitLoader.java:32)
	at org.bukkit.plugin.java.JavaPlugin.setEnabled(JavaPlugin.java:288)
	at io.papermc.paper.plugin.manager.PaperPluginInstanceManager.enablePlugin(PaperPluginInstanceManager.java:202)
	at io.papermc.paper.plugin.manager.PaperPluginManagerImpl.enablePlugin(PaperPluginManagerImpl.java:109)
	at org.bukkit.plugin.SimplePluginManager.enablePlugin(SimplePluginManager.java:520)
	at org.bukkit.craftbukkit.CraftServer.enablePlugin(CraftServer.java:640)
	at org.bukkit.craftbukkit.CraftServer.enablePlugins(CraftServer.java:589)
	at net.minecraft.server.dedicated.DedicatedServer.initServer(DedicatedServer.java:293)
	at net.minecraft.server.MinecraftServer.runServer(MinecraftServer.java:1215)
	at net.minecraft.server.MinecraftServer.lambda$spin$0(MinecraftServer.java:330)
	at java.base/java.lang.Thread.run(Thread.java:1583)
Caused by: java.lang.ClassNotFoundException: com.comphenix.protocol.events.PacketListener
	at java.base/java.net.URLClassLoader.findClass(URLClassLoader.java:445)
	at nLogin.jar//com.nickuc.login.loader.MemClassLoader.findClass(MemClassLoader.java:56)
	at java.base/java.lang.ClassLoader.loadClass(ClassLoader.java:593)
	at java.base/java.lang.ClassLoader.loadClass(ClassLoader.java:526)
	... 20 more
[2025/01/14 18:05:07]: [nLogin] Successful plugin core shutdown (took 0.00s)
