[2025/12/05 04:00:46]: §9          __             _       
[2025/12/05 04:00:46]: §9  _ __   / /  ___   __ _(_)_ __  
[2025/12/05 04:00:46]: §9 | '_ \ / /  / _ \ / _` | | '_ \ 
[2025/12/05 04:00:46]: §9 | | | / /__| (_) | (_| | | | | |
[2025/12/05 04:00:46]: §9 |_| |_\____/\___/ \__, |_|_| |_|
[2025/12/05 04:00:46]: §9                  |___/            
[2025/12/05 04:00:46]: §9 By: www.nickuc.com - V 10.4.18
[2025/12/05 04:00:46]: §9 
[2025/12/05 04:00:46]: §3[nLogin] [DEBUG] All settings were loaded in 122 ms.
[2025/12/05 04:00:47]: §3[nLogin] [DEBUG] Loading the messages_es.yml message file...
[2025/12/05 04:00:47]: §3[nLogin] [DEBUG] All plugin messages were loaded in 129 ms (languageByClient=false).
[2025/12/05 04:00:47]: §3[nLogin] [DEBUG] All proxy settings were loaded in 4 ms.
[2025/12/05 04:00:47]: §3[nLogin] [DEBUG] Loading database...
[2025/12/05 04:00:47]: §3[nLogin] [DEBUG] Starting logger filter...
[2025/12/05 04:02:51]: §3[nLogin] [DEBUG] The Mdinqt (100.110.200.34) player entered an incorrect password
[2025/12/05 04:03:31]: [nLogin] The user Mdinqt has successfully logged in.
[2025/12/05 04:03:37]: §3[nLogin] [DEBUG] [SQLite] [UPDATE]: "UPDATE `nlogin` SET `last_name` = 'Mdinqt', `unique_id` = f1afec0ddcc839178765ef5f0051b637,  `mojang_id` = null,  `bedrock_id` = null,  `password` = '$2a$10$kZ4bPIg7VGvwr2DBUtD9euUajnmpFFDhRAHyt/DfISPS/twL7ECsG', `last_ip` = '100.110.200.34', `creation_date` = 2024-12-14 16:55:52.09, `last_seen` = 2025-12-05 04:03:37.167, `email` = null, `discord` = null, `settings` = '{"settings":[{"value":"es","key":"language"}],"version":0}' WHERE `ai` = 1" (applied to [last_ip, last_seen, settings] columns)
[2025/12/05 04:14:28]: §3[nLogin] [DEBUG] [SQLite] [UPDATE]: "UPDATE `nlogin` SET `last_name` = 'Mdinqt', `unique_id` = f1afec0ddcc839178765ef5f0051b637,  `mojang_id` = null,  `bedrock_id` = null,  `password` = '$2a$10$kZ4bPIg7VGvwr2DBUtD9euUajnmpFFDhRAHyt/DfISPS/twL7ECsG', `last_ip` = '100.110.200.34', `creation_date` = 2024-12-14 16:55:52.09, `last_seen` = 2025-12-05 04:14:28.359, `email` = null, `discord` = null, `settings` = '{"settings":[{"value":"es","key":"language"}],"version":0}' WHERE `ai` = 1" (applied to [last_seen, settings] columns)
[2025/12/05 04:14:31]: [nLogin] Update was successfully queued, do not forcibly stop your server. (v10.4.18 0739d6 => v10.4.21 dc69be)
[2025/12/05 04:14:31]: [nLogin] Successful plugin core shutdown (took 0.44s)
