[2025/12/22 01:58:41]: §9          __             _       
[2025/12/22 01:58:41]: §9  _ __   / /  ___   __ _(_)_ __  
[2025/12/22 01:58:41]: §9 | '_ \ / /  / _ \ / _` | | '_ \ 
[2025/12/22 01:58:41]: §9 | | | / /__| (_) | (_| | | | | |
[2025/12/22 01:58:41]: §9 |_| |_\____/\___/ \__, |_|_| |_|
[2025/12/22 01:58:41]: §9                  |___/            
[2025/12/22 01:58:41]: §9 By: www.nickuc.com - V 10.4.23
[2025/12/22 01:58:41]: §9 
[2025/12/22 01:58:41]: §3[nLogin] [DEBUG] All settings were loaded in 186 ms.
[2025/12/22 01:58:41]: §3[nLogin] [DEBUG] Loading the messages_es.yml message file...
[2025/12/22 01:58:41]: §3[nLogin] [DEBUG] All plugin messages were loaded in 72 ms (languageByClient=false).
[2025/12/22 01:58:41]: §3[nLogin] [DEBUG] All proxy settings were loaded in 4 ms.
[2025/12/22 01:58:41]: §3[nLogin] [DEBUG] Loading database...
[2025/12/22 01:58:42]: §3[nLogin] [DEBUG] Starting logger filter...
[2025/12/22 02:02:13]: §3[nLogin] [DEBUG] [SQLite] [UPDATE]: "UPDATE `nlogin` SET `last_name` = 'Cherry', `unique_id` = 0c66c486cd8f3b0e898a86e67438beef,  `mojang_id` = null,  `bedrock_id` = null,  `password` = '$2a$10$wRw996HBz9rwQS1kM5BX0ulbhcFuH8rpeJxLj1I2KUxlOQr85xxZa', `last_ip` = '100.92.140.104', `creation_date` = 2025-12-13 17:45:27.879, `last_seen` = 2025-12-22 02:02:13.077, `email` = null, `discord` = null, `settings` = '{"settings":[{"value":"es","key":"language"}],"version":0}' WHERE `ai` = 5" (applied to [last_ip, last_seen, settings] columns)
[2025/12/22 02:02:13]: [nLogin] The user Cherry has successfully logged in.
[2025/12/22 03:45:40]: §3[nLogin] [DEBUG] [SQLite] [UPDATE]: "UPDATE `nlogin` SET `last_name` = 'Cherry', `unique_id` = 0c66c486cd8f3b0e898a86e67438beef,  `mojang_id` = null,  `bedrock_id` = null,  `password` = '$2a$10$wRw996HBz9rwQS1kM5BX0ulbhcFuH8rpeJxLj1I2KUxlOQr85xxZa', `last_ip` = '100.92.140.104', `creation_date` = 2025-12-13 17:45:27.879, `last_seen` = 2025-12-22 03:45:40.897, `email` = null, `discord` = null, `settings` = '{"settings":[{"value":"es","key":"language"}],"version":0}' WHERE `ai` = 5" (applied to [last_seen, settings] columns)
[2025/12/22 03:46:04]: §3[nLogin] [DEBUG] [SQLite] [UPDATE]: "UPDATE `nlogin` SET `last_name` = 'Cherry', `unique_id` = 0c66c486cd8f3b0e898a86e67438beef,  `mojang_id` = null,  `bedrock_id` = null,  `password` = '$2a$10$wRw996HBz9rwQS1kM5BX0ulbhcFuH8rpeJxLj1I2KUxlOQr85xxZa', `last_ip` = '100.92.140.104', `creation_date` = 2025-12-13 17:45:27.879, `last_seen` = 2025-12-22 03:46:04.41, `email` = null, `discord` = null, `settings` = '{"settings":[{"value":"es","key":"language"}],"version":0}' WHERE `ai` = 5" (applied to [last_ip, last_seen, settings] columns)
[2025/12/22 03:46:04]: [nLogin] The user Cherry has successfully logged in.
[2025/12/22 03:47:56]: §3[nLogin] [DEBUG] [SQLite] [UPDATE]: "UPDATE `nlogin` SET `last_name` = 'Cherry', `unique_id` = 0c66c486cd8f3b0e898a86e67438beef,  `mojang_id` = null,  `bedrock_id` = null,  `password` = '$2a$10$wRw996HBz9rwQS1kM5BX0ulbhcFuH8rpeJxLj1I2KUxlOQr85xxZa', `last_ip` = '100.92.140.104', `creation_date` = 2025-12-13 17:45:27.879, `last_seen` = 2025-12-22 03:47:56.737, `email` = null, `discord` = null, `settings` = '{"settings":[{"value":"es","key":"language"}],"version":0}' WHERE `ai` = 5" (applied to [last_seen, settings] columns)
[2025/12/22 03:48:12]: [nLogin] Successful plugin core shutdown (took 0.00s)
