[2025/12/18 20:17:21]: §9          __             _       
[2025/12/18 20:17:21]: §9  _ __   / /  ___   __ _(_)_ __  
[2025/12/18 20:17:21]: §9 | '_ \ / /  / _ \ / _` | | '_ \ 
[2025/12/18 20:17:21]: §9 | | | / /__| (_) | (_| | | | | |
[2025/12/18 20:17:21]: §9 |_| |_\____/\___/ \__, |_|_| |_|
[2025/12/18 20:17:21]: §9                  |___/            
[2025/12/18 20:17:21]: §9 By: www.nickuc.com - V 10.4.23
[2025/12/18 20:17:21]: §9 
[2025/12/18 20:17:22]: §3[nLogin] [DEBUG] All settings were loaded in 176 ms.
[2025/12/18 20:17:22]: §3[nLogin] [DEBUG] Loading the messages_es.yml message file...
[2025/12/18 20:17:22]: §3[nLogin] [DEBUG] All plugin messages were loaded in 79 ms (languageByClient=false).
[2025/12/18 20:17:22]: §3[nLogin] [DEBUG] All proxy settings were loaded in 3 ms.
[2025/12/18 20:17:22]: §3[nLogin] [DEBUG] Loading database...
[2025/12/18 20:17:22]: §3[nLogin] [DEBUG] Starting logger filter...
[2025/12/18 20:20:37]: §3[nLogin] [DEBUG] [SQLite] [UPDATE]: "UPDATE `nlogin` SET `last_name` = 'Cherry', `unique_id` = 0c66c486cd8f3b0e898a86e67438beef,  `mojang_id` = null,  `bedrock_id` = null,  `password` = '$2a$10$wRw996HBz9rwQS1kM5BX0ulbhcFuH8rpeJxLj1I2KUxlOQr85xxZa', `last_ip` = '100.92.140.104', `creation_date` = 2025-12-13 17:45:27.879, `last_seen` = 2025-12-18 20:20:37.674, `email` = null, `discord` = null, `settings` = '{"settings":[{"value":"es","key":"language"}],"version":0}' WHERE `ai` = 5" (applied to [last_ip, last_seen, settings] columns)
[2025/12/18 20:20:37]: [nLogin] The user Cherry has successfully logged in.
[2025/12/18 20:34:28]: §3[nLogin] [DEBUG] [SQLite] [UPDATE]: "UPDATE `nlogin` SET `last_name` = 'Cherry', `unique_id` = 0c66c486cd8f3b0e898a86e67438beef,  `mojang_id` = null,  `bedrock_id` = null,  `password` = '$2a$10$wRw996HBz9rwQS1kM5BX0ulbhcFuH8rpeJxLj1I2KUxlOQr85xxZa', `last_ip` = '100.92.140.104', `creation_date` = 2025-12-13 17:45:27.879, `last_seen` = 2025-12-18 20:34:27.654, `email` = null, `discord` = null, `settings` = '{"settings":[{"value":"es","key":"language"}],"version":0}' WHERE `ai` = 5" (applied to [last_seen, settings] columns)
[2025/12/18 20:34:44]: [nLogin] Successful plugin core shutdown (took 0.11s)
[2025/12/18 20:34:45]: §3[nLogin] [DEBUG] [SQLite] [UPDATE]: "UPDATE `nlogin` SET `last_name` = 'Cherry', `unique_id` = 0c66c486cd8f3b0e898a86e67438beef,  `mojang_id` = null,  `bedrock_id` = null,  `password` = '$2a$10$wRw996HBz9rwQS1kM5BX0ulbhcFuH8rpeJxLj1I2KUxlOQr85xxZa', `last_ip` = '100.92.140.104', `creation_date` = 2025-12-13 17:45:27.879, `last_seen` = 2025-12-18 20:34:44.956, `email` = null, `discord` = null, `settings` = '{"settings":[{"value":"es","key":"language"}],"version":0}' WHERE `ai` = 5" (applied to [last_ip, last_seen, settings] columns)
[2025/12/18 20:34:45]: §4[nLogin] [ERROR] §cSevere error during authentication completion. (Cherry)
java.lang.IllegalArgumentException: Plugin must be enabled to send messages
	at org.bukkit.plugin.messaging.StandardMessenger.validatePluginMessage(StandardMessenger.java:545)
	at org.bukkit.craftbukkit.entity.CraftPlayer.sendPluginMessage(CraftPlayer.java:2439)
	at com.nickuc.login.ΔγΨνςχιδκτςες.a(:187)
	at com.nickuc.login.χψκξγιδθΣψη.b(:76)
	at com.nickuc.login.χψκξγιδθΣψη.a(:123)
	at com.nickuc.login.γδδΛζΨφδΠΛ.a(:71)
	at com.nickuc.login.ςτΩΦπρηΩΓ.a(:100)
	at com.nickuc.login.ςτΩΦπρηΩΓ.a(:114)
	at com.nickuc.login.ξΩνεξτεθΩΓυςπΩε.a(:83)
	at com.nickuc.login.ξξοηλξνΨ.b(:92)
	at com.nickuc.login.ιχωυζπψημωΔτΦθ.d(:118)
	at com.nickuc.login.ωλΛνρκηΦηβζ.a(:74)
	at io.papermc.paper.threadedregions.scheduler.FoliaAsyncScheduler$AsyncScheduledTask.run(FoliaAsyncScheduler.java:217)
	at java.base/java.util.concurrent.ThreadPoolExecutor.runWorker(ThreadPoolExecutor.java:1144)
	at java.base/java.util.concurrent.ThreadPoolExecutor$Worker.run(ThreadPoolExecutor.java:642)
	at java.base/java.lang.Thread.run(Thread.java:1583)
[2025/12/18 20:34:45]: [nLogin] The user Cherry has successfully logged in.
