[00:15:41] [ServerMain/INFO]: [bootstrap] Running Java 21 (OpenJDK 64-Bit Server VM 21.0.9+10-Ubuntu-124.04; Ubuntu null) on Linux 6.8.0-1030-azure (amd64)
[00:15:41] [ServerMain/INFO]: [bootstrap] Loading Paper 1.21.1-57-master@b483da4 (2024-09-01T18:09:05Z) for Minecraft 1.21.1
[00:15:41] [ServerMain/INFO]: [PluginInitializerManager] Initializing plugins...
[00:15:47] [ServerMain/INFO]: [PluginInitializerManager] Initialized 40 plugins
[00:15:47] [ServerMain/INFO]: [PluginInitializerManager] Paper plugins (1):
 - EconomyShopGUI (6.9.1)
[00:15:47] [ServerMain/INFO]: [PluginInitializerManager] Bukkit plugins (39):
 - AnimatedScoreboard (0.3.5), CMILib (1.5.2.3), ChatManager (4.0.2), Chunky (1.4.28), ConditionalEvents (4.57.5), ConsoleSpamFix (1.10.0), Craftorithm (1.10.22-20251003), DecentHolograms (2.9.8), DeluxeMenus (1.14.1-DEV-184), Essentials (2.21.0-dev+149-424816e), EssentialsChat (2.21.0-dev+149-424816e), EssentialsSpawn (2.21.0-dev+149-424816e), ItemsAdder (4.0.15), Jobs (5.2.4.5), LoneLibs (1.0.63), LuckPerms (5.4.131), MCPets (4.1.5-SNAPSHOT), ModelEngine (R4.0.7), Multiverse-Core (4.3.14), MyCommand (5.7.4), MythicCrucible (2.1.0-SNAPSHOT), MythicMobs (5.8.0-SNAPSHOT-7b1a5e36), Orebfuscator (5.5.1), PlaceholderAPI (2.11.6), ProtocolLib (5.4.0), PvPManager (4.0.7), Quests (3.15.2-b216e2b), SepareWorldItems (1.2.21), ShopGUIPlus (1.101.1), Shopkeepers (2.23.3), SkinsRestorer (15.9.1), TAB (5.0.3), Vault (1.7.3-b131), WorldEdit (7.3.9+6959-7adf70b), WorldGuard (7.0.12+829a4a4), XConomy (2.26.3), ajLeaderboards (2.10.1), nAntiBot (2.0.3), nLogin (10.4.22)
[00:15:57] [ServerMain/INFO]: Environment: Environment[sessionHost=https://sessionserver.mojang.com, servicesHost=https://api.minecraftservices.com, name=PROD]
[00:16:01] [ServerMain/INFO]: Loaded 1290 recipes
[00:16:01] [ServerMain/INFO]: Loaded 1399 advancements
[00:16:02] [Server thread/INFO]: Starting minecraft server version 1.21.1
[00:16:02] [Server thread/INFO]: Loading properties
[00:16:02] [Server thread/INFO]: This server is running Paper version 1.21.1-57-master@b483da4 (2024-09-01T18:09:05Z) (Implementing API version 1.21.1-R0.1-SNAPSHOT)
[00:16:03] [Server thread/INFO]: [spark] This server bundles the spark profiler. For more information please visit https://docs.papermc.io/paper/profiling
[00:16:03] [Server thread/INFO]: Server Ping Player Sample Count: 12
[00:16:03] [Server thread/INFO]: Using 4 threads for Netty based IO
[00:16:05] [Server thread/INFO]: [ChunkTaskScheduler] Chunk system is using 1 I/O threads, 1 worker threads, and population gen parallelism of 1 threads
[00:16:05] [Server thread/INFO]: Default game type: SURVIVAL
[00:16:05] [Server thread/INFO]: Generating keypair
[00:16:06] [Server thread/INFO]: Starting Minecraft server on *:25565
[00:16:06] [Server thread/INFO]: Using epoll channel type
[00:16:06] [Server thread/INFO]: Paper: Using libdeflate (Linux x86_64) compression from Velocity.
[00:16:06] [Server thread/INFO]: Paper: Using OpenSSL 3.0.x (Linux x86_64) cipher from Velocity.
[00:16:08] [Server thread/INFO]: [SpigotLibraryLoader] [MythicMobs] Loading 4 libraries... please wait
[00:16:08] [Server thread/INFO]: [SpigotLibraryLoader] [MythicMobs] Loaded library /workspaces/TestServer/servidor_minecraft/libraries/net/kyori/adventure-api/4.16.0/adventure-api-4.16.0.jar
[00:16:08] [Server thread/INFO]: [SpigotLibraryLoader] [MythicMobs] Loaded library /workspaces/TestServer/servidor_minecraft/libraries/net/kyori/adventure-key/4.16.0/adventure-key-4.16.0.jar
[00:16:08] [Server thread/INFO]: [SpigotLibraryLoader] [MythicMobs] Loaded library /workspaces/TestServer/servidor_minecraft/libraries/net/kyori/examination-api/1.3.0/examination-api-1.3.0.jar
[00:16:08] [Server thread/INFO]: [SpigotLibraryLoader] [MythicMobs] Loaded library /workspaces/TestServer/servidor_minecraft/libraries/net/kyori/examination-string/1.3.0/examination-string-1.3.0.jar
[00:16:08] [Server thread/INFO]: [SpigotLibraryLoader] [MythicMobs] Loaded library /workspaces/TestServer/servidor_minecraft/libraries/org/jetbrains/annotations/24.1.0/annotations-24.1.0.jar
[00:16:08] [Server thread/INFO]: [SpigotLibraryLoader] [MythicMobs] Loaded library /workspaces/TestServer/servidor_minecraft/libraries/net/kyori/adventure-platform-bukkit/4.3.2/adventure-platform-bukkit-4.3.2.jar
[00:16:08] [Server thread/INFO]: [SpigotLibraryLoader] [MythicMobs] Loaded library /workspaces/TestServer/servidor_minecraft/libraries/net/kyori/adventure-platform-api/4.3.2/adventure-platform-api-4.3.2.jar
[00:16:08] [Server thread/INFO]: [SpigotLibraryLoader] [MythicMobs] Loaded library /workspaces/TestServer/servidor_minecraft/libraries/net/kyori/adventure-text-serializer-bungeecord/4.3.2/adventure-text-serializer-bungeecord-4.3.2.jar
[00:16:08] [Server thread/INFO]: [SpigotLibraryLoader] [MythicMobs] Loaded library /workspaces/TestServer/servidor_minecraft/libraries/net/kyori/adventure-text-serializer-legacy/4.13.1/adventure-text-serializer-legacy-4.13.1.jar
[00:16:08] [Server thread/INFO]: [SpigotLibraryLoader] [MythicMobs] Loaded library /workspaces/TestServer/servidor_minecraft/libraries/net/kyori/adventure-nbt/4.13.1/adventure-nbt-4.13.1.jar
[00:16:08] [Server thread/INFO]: [SpigotLibraryLoader] [MythicMobs] Loaded library /workspaces/TestServer/servidor_minecraft/libraries/net/kyori/adventure-text-serializer-gson-legacy-impl/4.13.1/adventure-text-serializer-gson-legacy-impl-4.13.1.jar
[00:16:08] [Server thread/INFO]: [SpigotLibraryLoader] [MythicMobs] Loaded library /workspaces/TestServer/servidor_minecraft/libraries/net/kyori/adventure-platform-facet/4.3.2/adventure-platform-facet-4.3.2.jar
[00:16:08] [Server thread/INFO]: [SpigotLibraryLoader] [MythicMobs] Loaded library /workspaces/TestServer/servidor_minecraft/libraries/net/kyori/adventure-platform-viaversion/4.3.2/adventure-platform-viaversion-4.3.2.jar
[00:16:08] [Server thread/INFO]: [SpigotLibraryLoader] [MythicMobs] Loaded library /workspaces/TestServer/servidor_minecraft/libraries/net/kyori/adventure-text-minimessage/4.16.0/adventure-text-minimessage-4.16.0.jar
[00:16:08] [Server thread/INFO]: [SpigotLibraryLoader] [MythicMobs] Loaded library /workspaces/TestServer/servidor_minecraft/libraries/net/kyori/adventure-text-serializer-gson/4.16.0/adventure-text-serializer-gson-4.16.0.jar
[00:16:08] [Server thread/INFO]: [SpigotLibraryLoader] [MythicMobs] Loaded library /workspaces/TestServer/servidor_minecraft/libraries/net/kyori/adventure-text-serializer-json/4.16.0/adventure-text-serializer-json-4.16.0.jar
[00:16:08] [Server thread/INFO]: [SpigotLibraryLoader] [MythicMobs] Loaded library /workspaces/TestServer/servidor_minecraft/libraries/net/kyori/option/1.0.0/option-1.0.0.jar
[00:16:08] [Server thread/INFO]: [SpigotLibraryLoader] [MythicMobs] Loaded library /workspaces/TestServer/servidor_minecraft/libraries/com/google/code/gson/gson/2.8.0/gson-2.8.0.jar
[00:16:09] [Server thread/INFO]: [SpigotLibraryLoader] [ModelEngine] Loading 3 libraries... please wait
[00:16:09] [Server thread/INFO]: [SpigotLibraryLoader] [ModelEngine] Loaded library /workspaces/TestServer/servidor_minecraft/libraries/net/kyori/adventure-api/4.14.0/adventure-api-4.14.0.jar
[00:16:09] [Server thread/INFO]: [SpigotLibraryLoader] [ModelEngine] Loaded library /workspaces/TestServer/servidor_minecraft/libraries/net/kyori/adventure-key/4.14.0/adventure-key-4.14.0.jar
[00:16:09] [Server thread/INFO]: [SpigotLibraryLoader] [ModelEngine] Loaded library /workspaces/TestServer/servidor_minecraft/libraries/net/kyori/examination-api/1.3.0/examination-api-1.3.0.jar
[00:16:09] [Server thread/INFO]: [SpigotLibraryLoader] [ModelEngine] Loaded library /workspaces/TestServer/servidor_minecraft/libraries/net/kyori/examination-string/1.3.0/examination-string-1.3.0.jar
[00:16:09] [Server thread/INFO]: [SpigotLibraryLoader] [ModelEngine] Loaded library /workspaces/TestServer/servidor_minecraft/libraries/org/jetbrains/annotations/24.0.1/annotations-24.0.1.jar
[00:16:09] [Server thread/INFO]: [SpigotLibraryLoader] [ModelEngine] Loaded library /workspaces/TestServer/servidor_minecraft/libraries/net/kyori/adventure-text-serializer-gson/4.14.0/adventure-text-serializer-gson-4.14.0.jar
[00:16:09] [Server thread/INFO]: [SpigotLibraryLoader] [ModelEngine] Loaded library /workspaces/TestServer/servidor_minecraft/libraries/net/kyori/adventure-text-serializer-json/4.14.0/adventure-text-serializer-json-4.14.0.jar
[00:16:09] [Server thread/INFO]: [SpigotLibraryLoader] [ModelEngine] Loaded library /workspaces/TestServer/servidor_minecraft/libraries/com/google/code/gson/gson/2.8.0/gson-2.8.0.jar
[00:16:09] [Server thread/INFO]: [SpigotLibraryLoader] [ModelEngine] Loaded library /workspaces/TestServer/servidor_minecraft/libraries/net/kyori/adventure-text-serializer-bungeecord/4.3.0/adventure-text-serializer-bungeecord-4.3.0.jar
[00:16:09] [Server thread/INFO]: [SpigotLibraryLoader] [ModelEngine] Loaded library /workspaces/TestServer/servidor_minecraft/libraries/net/kyori/adventure-text-serializer-legacy/4.13.0/adventure-text-serializer-legacy-4.13.0.jar
[00:16:10] [Server thread/INFO]: [SpigotLibraryLoader] [XConomy] Loading 1 libraries... please wait
[00:16:10] [Server thread/INFO]: [SpigotLibraryLoader] [XConomy] Loaded library /workspaces/TestServer/servidor_minecraft/libraries/redis/clients/jedis/4.3.1/jedis-4.3.1.jar
[00:16:10] [Server thread/INFO]: [SpigotLibraryLoader] [XConomy] Loaded library /workspaces/TestServer/servidor_minecraft/libraries/org/slf4j/slf4j-api/1.7.36/slf4j-api-1.7.36.jar
[00:16:10] [Server thread/INFO]: [SpigotLibraryLoader] [XConomy] Loaded library /workspaces/TestServer/servidor_minecraft/libraries/org/apache/commons/commons-pool2/2.11.1/commons-pool2-2.11.1.jar
[00:16:10] [Server thread/INFO]: [SpigotLibraryLoader] [XConomy] Loaded library /workspaces/TestServer/servidor_minecraft/libraries/org/json/json/20220320/json-20220320.jar
[00:16:10] [Server thread/INFO]: [SpigotLibraryLoader] [XConomy] Loaded library /workspaces/TestServer/servidor_minecraft/libraries/com/google/code/gson/gson/2.8.9/gson-2.8.9.jar
[00:16:15] [Server thread/INFO]: [SpigotLibraryLoader] [PvPManager] Loading 2 libraries... please wait
[00:16:15] [Server thread/INFO]: [SpigotLibraryLoader] [PvPManager] Loaded library /workspaces/TestServer/servidor_minecraft/libraries/com/zaxxer/HikariCP/5.1.0/HikariCP-5.1.0.jar
[00:16:15] [Server thread/INFO]: [SpigotLibraryLoader] [PvPManager] Loaded library /workspaces/TestServer/servidor_minecraft/libraries/org/slf4j/slf4j-api/2.0.13/slf4j-api-2.0.13.jar
[00:16:17] [Server thread/INFO]: [SpigotLibraryLoader] [LoneLibs] Loading 1 libraries... please wait
[00:16:17] [Server thread/INFO]: [SpigotLibraryLoader] [LoneLibs] Loaded library /workspaces/TestServer/servidor_minecraft/libraries/org/fusesource/jansi/jansi/2.4.1/jansi-2.4.1.jar
[00:16:18] [Server thread/INFO]: [LuckPerms] Loading server plugin LuckPerms v5.4.131
[00:16:19] [Server thread/INFO]: [Vault] Loading server plugin Vault v1.7.3-b131
[00:16:19] [Server thread/INFO]: [WorldEdit] Loading server plugin WorldEdit v7.3.9+6959-7adf70b
[00:16:22] [Server thread/INFO]: Got request to register class com.sk89q.worldedit.bukkit.BukkitServerInterface with WorldEdit [com.sk89q.worldedit.extension.platform.PlatformManager@127562f8]
[00:16:22] [Server thread/INFO]: [WorldGuard] Loading server plugin WorldGuard v7.0.12+829a4a4
[00:16:22] [Server thread/INFO]: [Multiverse-Core] Loading server plugin Multiverse-Core v4.3.14
[00:16:22] [Server thread/INFO]: [PlaceholderAPI] Loading server plugin PlaceholderAPI v2.11.6
[00:16:22] [Server thread/INFO]: [MythicMobs] Loading server plugin MythicMobs v5.8.0-SNAPSHOT-7b1a5e36
[00:16:22] [Server thread/INFO]: [LumineUtils] (io.lumine.mythic.bukkit.utils.) is bound to plugin MythicMobs - io.lumine.mythic.bukkit.MythicBukkit
[00:16:22] [Server thread/INFO]: [MythicMobs] §x§f§f§0§0§0§0M§x§f§f§6§6§0§0y§x§f§f§c§c§0§0t§x§c§b§f§f§0§0h§x§6§5§f§f§0§0i§x§0§0§f§f§0§0c§x§0§0§f§f§6§6 §x§0§0§f§f§c§bE§x§0§0§c§b§f§fn§x§0§0§6§5§f§fa§x§0§0§0§0§f§fb§x§6§6§0§0§f§fl§x§c§c§0§0§f§fe§x§f§f§0§0§c§cd§x§f§f§0§0§6§6!
[00:16:22] [Server thread/INFO]: [ProtocolLib] Loading server plugin ProtocolLib v5.4.0
[00:16:22] [Server thread/INFO]: [Essentials] Loading server plugin Essentials v2.21.0-dev+149-424816e
[00:16:22] [Server thread/INFO]: [ModelEngine] Loading server plugin ModelEngine vR4.0.7
[00:16:22] [Server thread/INFO]: [Orebfuscator] Loading server plugin Orebfuscator v5.5.1
[00:16:22] [Server thread/INFO]: [ItemsAdder] Loading server plugin ItemsAdder v4.0.15
[00:16:23] [Server thread/INFO]: [ItemsAdder] Loading library FastNbt-jar (remapped)...
[00:16:23] [Server thread/INFO]: [ItemsAdder] Loading library httpmime...
[00:16:23] [Server thread/INFO]: [ItemsAdder] Loading library httpclient
[00:16:23] [Server thread/INFO]: [ItemsAdder] Loading library httpcore
[00:16:23] [Server thread/INFO]: [ItemsAdder] Loading library commons-logging
[00:16:23] [Server thread/INFO]: [ItemsAdder] Loading library commons-codec
[00:16:23] [Server thread/INFO]: [ItemsAdder] Loading library commons-math3...
[00:16:23] [Server thread/INFO]: [ItemsAdder] Loading library speedy-math...
[00:16:23] [Server thread/INFO]: [ItemsAdder] Loading library jansi...
[00:16:23] [Server thread/INFO]: [ItemsAdder] Loading library fastjson...
[00:16:23] [Server thread/INFO]: [ItemsAdder] Loading library fastjson2-extension
[00:16:23] [Server thread/INFO]: [ItemsAdder] Loading library fastjson2
[00:16:23] [Server thread/INFO]: [ItemsAdder] Loading library json-path...
[00:16:23] [Server thread/INFO]: [ItemsAdder] Loading library json-smart
[00:16:23] [Server thread/INFO]: [ItemsAdder] Loading library accessors-smart
[00:16:23] [Server thread/INFO]: [ItemsAdder] Loading library asm
[00:16:23] [Server thread/INFO]: [ItemsAdder] Loading library slf4j-api
[00:16:23] [Server thread/INFO]: [ItemsAdder] Loading library armor-equip-event...
[00:16:23] [Server thread/INFO]: [ItemsAdder] Loading library glowingentities...
[00:16:23] [Server thread/INFO]: [ItemsAdder] Loading library reflection-remapper
[00:16:23] [Server thread/INFO]: [ItemsAdder] Loading library adventure-api...
[00:16:23] [Server thread/INFO]: [ItemsAdder] Loading library adventure-key
[00:16:23] [Server thread/INFO]: [ItemsAdder] Loading library examination-api
[00:16:23] [Server thread/INFO]: [ItemsAdder] Loading library examination-string
[00:16:23] [Server thread/INFO]: [ItemsAdder] Loading library annotations
[00:16:23] [Server thread/INFO]: [ItemsAdder] Loading library adventure-text-minimessage...
[00:16:23] [Server thread/INFO]: [ItemsAdder] Loading library adventure-api
[00:16:23] [Server thread/INFO]: [ItemsAdder] Loading library adventure-key
[00:16:23] [Server thread/INFO]: [ItemsAdder] Loading library examination-api
[00:16:23] [Server thread/INFO]: [ItemsAdder] Loading library examination-string
[00:16:23] [Server thread/INFO]: [ItemsAdder] Loading library annotations
[00:16:23] [Server thread/INFO]: [ItemsAdder] Loading library adventure-text-serializer-gson...
[00:16:23] [Server thread/INFO]: [ItemsAdder] Loading library adventure-text-serializer-json
[00:16:23] [Server thread/INFO]: [ItemsAdder] Loading library adventure-api
[00:16:23] [Server thread/INFO]: [ItemsAdder] Loading library adventure-key
[00:16:23] [Server thread/INFO]: [ItemsAdder] Loading library examination-api
[00:16:23] [Server thread/INFO]: [ItemsAdder] Loading library examination-string
[00:16:23] [Server thread/INFO]: [ItemsAdder] Loading library option
[00:16:23] [Server thread/INFO]: [ItemsAdder] Loading library jspecify
[00:16:23] [Server thread/INFO]: [ItemsAdder] Loading library gson
[00:16:23] [Server thread/INFO]: [ItemsAdder] Loading library auto-service-annotations
[00:16:23] [Server thread/INFO]: [ItemsAdder] Loading library adventure-text-serializer-commons
[00:16:23] [Server thread/INFO]: [ItemsAdder] Loading library annotations
[00:16:23] [Server thread/INFO]: [ItemsAdder] Loading library adventure-text-serializer-gson-legacy-impl...
[00:16:24] [Server thread/INFO]: [ItemsAdder] Loading library adventure-text-serializer-gson
[00:16:24] [Server thread/INFO]: [ItemsAdder] Loading library adventure-text-serializer-json
[00:16:24] [Server thread/INFO]: [ItemsAdder] Loading library option
[00:16:24] [Server thread/INFO]: [ItemsAdder] Loading library jspecify
[00:16:24] [Server thread/INFO]: [ItemsAdder] Loading library gson
[00:16:24] [Server thread/INFO]: [ItemsAdder] Loading library auto-service-annotations
[00:16:24] [Server thread/INFO]: [ItemsAdder] Loading library adventure-text-serializer-commons
[00:16:24] [Server thread/INFO]: [ItemsAdder] Loading library annotations
[00:16:24] [Server thread/INFO]: [ItemsAdder] Loading library adventure-text-serializer-json-legacy-impl
[00:16:24] [Server thread/INFO]: [ItemsAdder] Loading library adventure-api
[00:16:24] [Server thread/INFO]: [ItemsAdder] Loading library adventure-key
[00:16:24] [Server thread/INFO]: [ItemsAdder] Loading library examination-api
[00:16:24] [Server thread/INFO]: [ItemsAdder] Loading library examination-string
[00:16:24] [Server thread/INFO]: [ItemsAdder] Loading library adventure-nbt
[00:16:24] [Server thread/INFO]: [ItemsAdder] Loading library adventure-platform-bukkit...
[00:16:24] [Server thread/INFO]: [ItemsAdder] Loading library adventure-platform-api
[00:16:24] [Server thread/INFO]: [ItemsAdder] Loading library adventure-api
[00:16:24] [Server thread/INFO]: [ItemsAdder] Loading library adventure-key
[00:16:24] [Server thread/INFO]: [ItemsAdder] Loading library adventure-text-serializer-bungeecord
[00:16:24] [Server thread/INFO]: [ItemsAdder] Loading library adventure-text-serializer-legacy
[00:16:24] [Server thread/INFO]: [ItemsAdder] Loading library adventure-nbt
[00:16:24] [Server thread/INFO]: [ItemsAdder] Loading library examination-api
[00:16:24] [Server thread/INFO]: [ItemsAdder] Loading library examination-string
[00:16:24] [Server thread/INFO]: [ItemsAdder] Loading library annotations
[00:16:24] [Server thread/INFO]: [ItemsAdder] Loading library adventure-text-serializer-gson
[00:16:24] [Server thread/INFO]: [ItemsAdder] Loading library adventure-text-serializer-json
[00:16:24] [Server thread/INFO]: [ItemsAdder] Loading library option
[00:16:24] [Server thread/INFO]: [ItemsAdder] Loading library jspecify
[00:16:24] [Server thread/INFO]: [ItemsAdder] Loading library auto-service-annotations
[00:16:24] [Server thread/INFO]: [ItemsAdder] Loading library adventure-text-serializer-commons
[00:16:24] [Server thread/INFO]: [ItemsAdder] Loading library adventure-text-serializer-gson-legacy-impl
[00:16:24] [Server thread/INFO]: [ItemsAdder] Loading library adventure-text-serializer-json-legacy-impl
[00:16:24] [Server thread/INFO]: [ItemsAdder] Loading library adventure-platform-facet
[00:16:24] [Server thread/INFO]: [ItemsAdder] Loading library adventure-platform-viaversion
[00:16:24] [Server thread/INFO]: [SkinsRestorer] Loading server plugin SkinsRestorer v15.9.1
[00:16:24] [Server thread/INFO]: [ShopGUIPlus] Loading server plugin ShopGUIPlus v1.101.1
[00:16:24] [Server thread/INFO]: [EssentialsChat] Loading server plugin EssentialsChat v2.21.0-dev+149-424816e
[00:16:24] [Server thread/INFO]: [TAB] Loading server plugin TAB v5.0.3
[00:16:24] [Server thread/INFO]: [CMILib] Loading server plugin CMILib v1.5.2.3
[00:16:24] [Server thread/INFO]: [ajLeaderboards] Loading server plugin ajLeaderboards v2.10.1
[00:16:24] [Server thread/INFO]: [ajLeaderboards] Verifying checksum for gson
[00:16:25] [Server thread/INFO]: [ajLeaderboards] Checksum matched for gson
[00:16:25] [Server thread/INFO]: [ajLeaderboards] Verifying checksum for jar-relocator
[00:16:25] [Server thread/INFO]: [ajLeaderboards] Checksum matched for jar-relocator
[00:16:25] [Server thread/INFO]: [ajLeaderboards] Verifying checksum for asm
[00:16:25] [Server thread/INFO]: [ajLeaderboards] Checksum matched for asm
[00:16:25] [Server thread/INFO]: [ajLeaderboards] Verifying checksum for asm-commons
[00:16:25] [Server thread/INFO]: [ajLeaderboards] Checksum matched for asm-commons
[00:16:25] [Server thread/INFO]: [ajLeaderboards] Verifying checksum for gson
[00:16:25] [Server thread/INFO]: [ajLeaderboards] Checksum matched for gson
[00:16:25] [Server thread/INFO]: [ajLeaderboards] Verifying checksum for HikariCP
[00:16:25] [Server thread/INFO]: [ajLeaderboards] Checksum matched for HikariCP
[00:16:25] [Server thread/INFO]: [ajLeaderboards] Verifying checksum for slf4j-api
[00:16:25] [Server thread/INFO]: [ajLeaderboards] Checksum matched for slf4j-api
[00:16:25] [Server thread/INFO]: [ajLeaderboards] Verifying checksum for h2
[00:16:25] [Server thread/INFO]: [ajLeaderboards] Checksum matched for h2
[00:16:25] [Server thread/INFO]: [ajLeaderboards] Verifying checksum for okhttp
[00:16:25] [Server thread/INFO]: [ajLeaderboards] Checksum matched for okhttp
[00:16:25] [Server thread/INFO]: [ajLeaderboards] Verifying checksum for okio
[00:16:25] [Server thread/INFO]: [ajLeaderboards] Checksum matched for okio
[00:16:25] [Server thread/INFO]: [ajLeaderboards] Verifying checksum for okio-jvm
[00:16:25] [Server thread/INFO]: [ajLeaderboards] Checksum matched for okio-jvm
[00:16:25] [Server thread/INFO]: [ajLeaderboards] Verifying checksum for kotlin-stdlib-jdk8
[00:16:25] [Server thread/INFO]: [ajLeaderboards] Checksum matched for kotlin-stdlib-jdk8
[00:16:25] [Server thread/INFO]: [ajLeaderboards] Verifying checksum for kotlin-stdlib
[00:16:25] [Server thread/INFO]: [ajLeaderboards] Checksum matched for kotlin-stdlib
[00:16:25] [Server thread/INFO]: [ajLeaderboards] Verifying checksum for kotlin-stdlib-common
[00:16:25] [Server thread/INFO]: [ajLeaderboards] Checksum matched for kotlin-stdlib-common
[00:16:25] [Server thread/INFO]: [ajLeaderboards] Verifying checksum for annotations
[00:16:25] [Server thread/INFO]: [ajLeaderboards] Checksum matched for annotations
[00:16:25] [Server thread/INFO]: [ajLeaderboards] Verifying checksum for kotlin-stdlib-jdk7
[00:16:25] [Server thread/INFO]: [ajLeaderboards] Checksum matched for kotlin-stdlib-jdk7
[00:16:25] [Server thread/INFO]: [MythicCrucible] Loading server plugin MythicCrucible v2.1.0-SNAPSHOT
[00:16:25] [Server thread/INFO]: [MyCommand] Loading server plugin MyCommand v5.7.4
[00:16:25] [Server thread/INFO]: [MCPets] Loading server plugin MCPets v4.1.5-SNAPSHOT
[00:16:25] [Server thread/INFO]: [PlaceholderAPI] Successfully registered internal expansion: mcpets [1.0.0]
[00:16:25] [Server thread/INFO]: [MCPets] : mcpets-dismount flag registered successfully !
[00:16:25] [Server thread/INFO]: [MCPets] : mcpets-despawn flag registered successfully !
[00:16:25] [Server thread/INFO]: [MCPets] : mcpets-dismount-flying flag registered successfully !
[00:16:25] [Server thread/INFO]: [MCPets] : mcpets-pet-player-damage flag registered successfully !
[00:16:25] [Server thread/INFO]: [DecentHolograms] Loading server plugin DecentHolograms v2.9.8
[00:16:26] [Server thread/INFO]: [EssentialsSpawn] Loading server plugin EssentialsSpawn v2.21.0-dev+149-424816e
[00:16:26] [Server thread/INFO]: [XConomy] Loading server plugin XConomy v2.26.3
[00:16:26] [Server thread/INFO]: [Craftorithm] Loading server plugin Craftorithm v1.10.22-20251003
[00:16:26] [Server thread/INFO]: [Quests] Loading server plugin Quests v3.15.2-b216e2b
[00:16:26] [Server thread/INFO]: [DeluxeMenus] Loading server plugin DeluxeMenus v1.14.1-DEV-184
[00:16:26] [Server thread/WARN]: [DeluxeMenus] Could not setup a NMS hook for your server version!
[00:16:26] [Server thread/INFO]: [ConsoleSpamFix] Loading server plugin ConsoleSpamFix v1.10.0
[00:16:26] [Server thread/INFO]: [nAntiBot] Loading server plugin nAntiBot v2.0.3
[00:16:27] [Server thread/INFO]: [Chunky] Loading server plugin Chunky v1.4.28
[00:16:27] [Server thread/INFO]: [EconomyShopGUI] Loading server plugin EconomyShopGUI v6.9.1
[00:16:27] [Server thread/INFO]: [ChatManager] Loading server plugin ChatManager v4.0.2
[00:16:27] [Server thread/INFO]: [ConditionalEvents] Loading server plugin ConditionalEvents v4.57.5
[00:16:27] [Server thread/INFO]: [PvPManager] Loading server plugin PvPManager v4.0.7
[00:16:27] [Server thread/INFO]: [PvPManager] Registering WorldGuard flags...
[00:16:27] [Server thread/INFO]: [Shopkeepers] Loading server plugin Shopkeepers v2.23.3
[00:16:29] [Server thread/INFO]: [Shopkeepers] Loaded all plugin classes (1836 ms).
[00:16:29] [Server thread/INFO]: [Shopkeepers] Loading config.
[00:16:29] [Server thread/WARN]: [Shopkeepers] Config: Invalid living entity type name in 'enabled-living-shops': CREAKING
[00:16:29] [Server thread/WARN]: [Shopkeepers] Config: All existing entity type names can be found here: https://hub.spigotmc.org/javadocs/spigot/org/bukkit/entity/EntityType.html
[00:16:29] [Server thread/INFO]: [Shopkeepers] Loading language file: language-en-default.yml
[00:16:29] [Server thread/WARN]: [Shopkeepers] Config: Invalid living entity type name in 'enabled-living-shops': CREAKING
[00:16:29] [Server thread/WARN]: [Shopkeepers] Config: All existing entity type names can be found here: https://hub.spigotmc.org/javadocs/spigot/org/bukkit/entity/EntityType.html
[00:16:29] [Server thread/INFO]: [Shopkeepers] Registering WorldGuard flag 'allow-shop'.
[00:16:29] [Server thread/INFO]: [Shopkeepers] Registering defaults.
[00:16:29] [Server thread/INFO]: [AnimatedScoreboard] Loading server plugin AnimatedScoreboard v0.3.5
[00:16:29] [Server thread/INFO]: [SepareWorldItems] Loading server plugin SepareWorldItems v1.2.21
[00:16:29] [Server thread/INFO]: [Jobs] Loading server plugin Jobs v5.2.4.5
[00:16:29] [Server thread/INFO]: [LoneLibs] Loading server plugin LoneLibs v1.0.63
[00:16:29] [Server thread/INFO]: [nLogin] Loading server plugin nLogin v10.4.22
[00:16:30] [Server thread/INFO]: Server permissions file permissions.yml is empty, ignoring it
[00:16:30] [Server thread/INFO]: [LuckPerms] Enabling LuckPerms v5.4.131
[00:16:31] [Server thread/INFO]:         __    
[00:16:31] [Server thread/INFO]:   |    |__)   LuckPerms v5.4.131
[00:16:31] [Server thread/INFO]:   |___ |      Running on Bukkit - Paper
[00:16:31] [Server thread/INFO]: 
[00:16:31] [Server thread/INFO]: [LuckPerms] Loading configuration...
[00:16:32] [Server thread/INFO]: [LuckPerms] Loading storage provider... [H2]
[00:16:34] [Server thread/INFO]: [LuckPerms] Loading internal permission managers...
[00:16:34] [Server thread/INFO]: [LuckPerms] Performing initial data load...
[00:16:36] [Server thread/INFO]: [LuckPerms] Successfully enabled. (took 6145ms)
[00:16:36] [Server thread/INFO]: [Vault] Enabling Vault v1.7.3-b131
[00:16:37] [Server thread/INFO]: [Vault] [Economy] Essentials Economy found: Waiting
[00:16:38] [Server thread/INFO]: [Vault] [Permission] SuperPermissions loaded as backup permission system.
[00:16:38] [Server thread/INFO]: [Vault] Enabled Version 1.7.3-b131
[00:16:38] [Server thread/INFO]: [LuckPerms] Registered Vault permission & chat hook.
[00:16:38] [Server thread/INFO]: [WorldEdit] Enabling WorldEdit v7.3.9+6959-7adf70b
[00:16:38] [Server thread/INFO]: Registering commands with com.sk89q.worldedit.bukkit.BukkitServerInterface
[00:16:39] [Server thread/INFO]: WEPIF: Vault detected! Using Vault for permissions
[00:16:41] [Server thread/INFO]: Using com.sk89q.worldedit.bukkit.adapter.impl.v1_21.PaperweightAdapter as the Bukkit adapter
[00:16:44] [Server thread/INFO]: [ProtocolLib] Enabling ProtocolLib v5.4.0
[00:16:44] [Server thread/INFO]: [ModelEngine] Enabling ModelEngine vR4.0.7
[00:16:45] [Server thread/INFO]: [SkinsRestorer] Enabling SkinsRestorer v15.9.1
[00:16:46] [Server thread/INFO]: [SkinsRestorer] Running on Minecraft 1.21.1.
[00:16:48] [Server thread/INFO]: [SkinsRestorer] Using paper join listener!
[00:16:48] [Server thread/INFO]: [PlaceholderAPI] Successfully registered internal expansion: skinsrestorer [15.9.1]
[00:16:48] [Server thread/INFO]: [SkinsRestorer] PlaceholderAPI expansion registered!
[00:16:48] [Server thread/INFO]: [XConomy] Enabling XConomy v2.26.3
[00:16:49] [Folia Async Scheduler Thread #1/INFO]: [SkinsRestorer] ----------------------------------------------
[00:16:49] [Folia Async Scheduler Thread #1/INFO]: [SkinsRestorer]     +==================+
[00:16:49] [Folia Async Scheduler Thread #1/INFO]: [SkinsRestorer]     |   SkinsRestorer  |
[00:16:49] [Server thread/INFO]: [XConomy] UUID-Mode: Default
[00:16:49] [Folia Async Scheduler Thread #1/INFO]: [SkinsRestorer]     |------------------|
[00:16:49] [Folia Async Scheduler Thread #1/INFO]: [SkinsRestorer]     |  Standalone Mode |
[00:16:49] [Folia Async Scheduler Thread #1/INFO]: [SkinsRestorer]     +==================+
[00:16:49] [Folia Async Scheduler Thread #1/INFO]: [SkinsRestorer] ----------------------------------------------
[00:16:49] [Folia Async Scheduler Thread #1/INFO]: [SkinsRestorer]     Version: 15.9.1
[00:16:49] [Folia Async Scheduler Thread #1/INFO]: [SkinsRestorer]     Commit: ee713cb
[00:16:49] [Folia Async Scheduler Thread #1/INFO]: [SkinsRestorer]     This is the latest version!
[00:16:49] [Folia Async Scheduler Thread #1/INFO]: [SkinsRestorer] ----------------------------------------------
[00:16:49] [Server thread/INFO]: [XConomy] Language: ENGLISH
[00:16:49] [Folia Async Scheduler Thread #1/INFO]: [SkinsRestorer] Do you have issues? Read our troubleshooting guide: https://skinsrestorer.net/docs/troubleshooting
[00:16:49] [Folia Async Scheduler Thread #1/INFO]: [SkinsRestorer] Want to support SkinsRestorer? Consider donating: https://skinsrestorer.net/donate
[00:16:49] [Server thread/INFO]: [XConomy] Saving method - SQLite
[00:16:49] [Server thread/INFO]: [XConomy] SQLite successfully connected
[00:16:49] [Server thread/INFO]: [XConomy] XConomy successfully enabled
[00:16:49] [Server thread/INFO]: [XConomy] Found PlaceholderAPI
[00:16:49] [Server thread/INFO]: [PlaceholderAPI] Successfully registered internal expansion: xconomy [2.26.3]
[00:16:49] [Server thread/INFO]: [XConomy] PlaceholderAPI successfully hooked
[00:16:49] [Folia Async Scheduler Thread #3/INFO]: [XConomy] Is the latest version
[00:16:49] [Server thread/INFO]: [XConomy] ===== YiC =====
[00:16:49] [Server thread/INFO]: [ConsoleSpamFix] Enabling ConsoleSpamFix v1.10.0
[00:16:49] [Server thread/INFO]: [ConsoleSpamFix] Server version detected: 1.21.1
[00:16:49] [Server thread/INFO]: [ConsoleSpamFix] Loading the config file...
[00:16:49] [Server thread/INFO]: [ConsoleSpamFix] Config file loaded!
[00:16:49] [Server thread/INFO]: [ConsoleSpamFix] ConsoleSpamFix loaded successfully!
[00:16:49] [Server thread/INFO]: [nAntiBot] Enabling nAntiBot v2.0.3
[00:16:51] [Server thread/INFO]: [nAntiBot] Successful plugin core start (took 1.12s)
[00:16:51] [Server thread/INFO]: [nAntiBot]           _         _   _   ___       _   
[00:16:51] [Server thread/INFO]: [nAntiBot]   _ __   /_\  _ __ | |_(_) / __\ ___ | |_ 
[00:16:51] [Server thread/INFO]: [nAntiBot]  | '_ \ //_\\| '_ \| __| |/__\/// _ \| __|
[00:16:51] [Server thread/INFO]: [nAntiBot]  | | | /  _  \ | | | |_| / \/  \ (_) | |_ 
[00:16:51] [Server thread/INFO]: [nAntiBot]  |_| |_\_/ \_/_| |_|\__|_\_____/\___/ \__|
[00:16:51] [Server thread/INFO]: [nAntiBot]                                          
[00:16:51] [Server thread/INFO]: [nAntiBot]  By: www.nickuc.com - V 2.0.3
[00:16:51] [Server thread/INFO]: [nAntiBot] 
[00:16:52] [Folia Async Scheduler Thread #3/INFO]: [nAntiBot] Connecting to the remote server antibot.nickuc.com...
[00:16:52] [Server thread/INFO]: [LoneLibs] Enabling LoneLibs v1.0.63
[00:16:52] [Server thread/INFO]: [nLogin] Enabling nLogin v10.4.22
[00:16:53] [Server thread/INFO]: [nLogin] Successful plugin core start (took 1.34s)
[00:16:54] [Server thread/INFO]:           __             _       
[00:16:54] [Server thread/INFO]:   _ __   / /  ___   __ _(_)_ __  
[00:16:54] [Server thread/INFO]:  | '_ \ / /  / _ \ / _` | | '_ \ 
[00:16:54] [Server thread/INFO]:  | | | / /__| (_) | (_| | | | | |
[00:16:54] [Server thread/INFO]:  |_| |_\____/\___/ \__, |_|_| |_|
[00:16:54] [Server thread/INFO]:                   |___/            
[00:16:54] [Server thread/INFO]:  By: www.nickuc.com - V 10.4.23
[00:16:54] [Server thread/INFO]:  
[00:16:55] [Server thread/WARN]: **** SERVER IS RUNNING IN OFFLINE/INSECURE MODE!
[00:16:55] [Server thread/WARN]: The server will make no attempt to authenticate usernames. Beware.
[00:16:55] [Server thread/WARN]: While this makes the game possible to play without internet access, it also opens up the ability for hackers to connect with any username they choose.
[00:16:55] [Server thread/WARN]: To change this, set "online-mode" to "true" in the server.properties file.
[00:16:55] [Server thread/INFO]: Preparing level "world"
[00:16:57] [Server thread/INFO]: Preparing start region for dimension minecraft:overworld
[00:17:00] [Server thread/INFO]: Time elapsed: 3253 ms
[00:17:00] [Server thread/INFO]: Preparing start region for dimension minecraft:the_nether
[00:17:01] [Server thread/INFO]: Time elapsed: 503 ms
[00:17:01] [Server thread/INFO]: Preparing start region for dimension minecraft:the_end
[00:17:01] [Server thread/INFO]: Time elapsed: 299 ms
[00:17:01] [Server thread/INFO]: [WorldGuard] Enabling WorldGuard v7.0.12+829a4a4
[00:17:02] [Server thread/INFO]: [WorldGuard] (world) TNT ignition is PERMITTED.
[00:17:02] [Server thread/INFO]: [WorldGuard] (world) Lighters are PERMITTED.
[00:17:02] [Server thread/INFO]: [WorldGuard] (world) Lava fire is PERMITTED.
[00:17:02] [Server thread/INFO]: [WorldGuard] (world) Fire spread is UNRESTRICTED.
[00:17:02] [Server thread/INFO]: [WorldGuard] Loaded configuration for world 'world'
[00:17:02] [Server thread/INFO]: [WorldGuard] (world_nether) TNT ignition is PERMITTED.
[00:17:02] [Server thread/INFO]: [WorldGuard] (world_nether) Lighters are PERMITTED.
[00:17:02] [Server thread/INFO]: [WorldGuard] (world_nether) Lava fire is PERMITTED.
[00:17:02] [Server thread/INFO]: [WorldGuard] (world_nether) Fire spread is UNRESTRICTED.
[00:17:02] [Server thread/INFO]: [WorldGuard] Loaded configuration for world 'world_nether'
[00:17:02] [Server thread/INFO]: [WorldGuard] (world_the_end) TNT ignition is PERMITTED.
[00:17:02] [Server thread/INFO]: [WorldGuard] (world_the_end) Lighters are PERMITTED.
[00:17:02] [Server thread/INFO]: [WorldGuard] (world_the_end) Lava fire is PERMITTED.
[00:17:02] [Server thread/INFO]: [WorldGuard] (world_the_end) Fire spread is UNRESTRICTED.
[00:17:02] [Server thread/INFO]: [WorldGuard] Loaded configuration for world 'world_the_end'
[00:17:02] [Server thread/INFO]: [WorldGuard] Loading region data...
[00:17:04] [Server thread/INFO]: [Multiverse-Core] Enabling Multiverse-Core v4.3.14
[00:17:04] [Server thread/WARN]: [Multiverse-Core] "Multiverse-Core v4.3.14" has registered a listener for org.bukkit.event.entity.EntityCreatePortalEvent on method "public void com.onarandombox.MultiverseCore.listeners.MVPortalListener.entityPortalCreate(org.bukkit.event.entity.EntityCreatePortalEvent)", but the event is Deprecated. "Server performance will be affected"; please notify the authors [dumptruckman, Rigby, fernferret, lithium3141, main--].
[00:17:04] [Server thread/INFO]: [Multiverse-Core] §aWe are aware of the warning about the deprecated event. There is no alternative that allows us to do what we need to do and performance impact is negligible. It is safe to ignore.
[00:17:04] [Server thread/WARN]: [Multiverse-Core] WorldManager: Can't load this world because the folder was deleted/moved: Athenia_nether
[00:17:04] [Server thread/WARN]: [Multiverse-Core] Use '/mv remove' to remove it from the config!
[00:17:04] [Server thread/INFO]: Could not set generator for world 'world': Plugin 'TerraformGenerator' does not exist
[00:17:04] [Server thread/WARN]: [Multiverse-Core] WorldManager: Can't load this world because the folder was deleted/moved: Athenia
[00:17:04] [Server thread/WARN]: [Multiverse-Core] Use '/mv remove' to remove it from the config!
[00:17:04] [Server thread/WARN]: [Multiverse-Core] WorldManager: Can't load this world because the folder was deleted/moved: Athenia_the_end
[00:17:04] [Server thread/WARN]: [Multiverse-Core] Use '/mv remove' to remove it from the config!
[00:17:04] [Server thread/INFO]: [Multiverse-Core] 3 - World(s) loaded.
[00:17:04] [Server thread/WARN]: [Multiverse-Core] Buscript failed to load! The script command will be disabled! If you would like not to see this message, use `/mv conf enablebuscript false` to disable Buscript from loading.
[00:17:04] [Server thread/INFO]: [Multiverse-Core] Version 4.3.14 (API v24) Enabled - By dumptruckman, Rigby, fernferret, lithium3141 and main--
[00:17:04] [Server thread/INFO]: [PlaceholderAPI] Enabling PlaceholderAPI v2.11.6
[00:17:05] [Server thread/INFO]: [PlaceholderAPI] Fetching available expansion information...
[00:17:05] [Server thread/INFO]: [MythicMobs] Enabling MythicMobs v5.8.0-SNAPSHOT-7b1a5e36
[00:17:05] [Server thread/INFO]: [MythicMobs] Loading MythicMobs for Paper (MC: 1.21.1)...
[00:17:05] [Server thread/INFO]: [MythicMobs] The server is running Paper; enabled Paper exclusive functionality
[00:17:08] [Server thread/INFO]: [MythicMobs] [STDOUT] END_SPAWN_POINT
[00:17:08] [Server thread/WARN]: Nag author(s): '[Lumine]' of 'MythicMobs v5.8.0-SNAPSHOT-7b1a5e36' about their usage of System.out/err.print. Please use your plugin's logger instead (JavaPlugin#getLogger).
[00:17:08] [Server thread/INFO]: [MythicMobs] [STDOUT] RAIN_DELAY
[00:17:08] [Server thread/INFO]: [MythicMobs] [STDOUT] RAIN_DURATION
[00:17:08] [Server thread/INFO]: [MythicMobs] [STDOUT] THUNDER_DELAY
[00:17:08] [Server thread/INFO]: [MythicMobs] [STDOUT] THUNDER_DURATION
[00:17:08] [Server thread/INFO]: [MythicMobs] [STDOUT] LOGGER
[00:17:08] [Server thread/INFO]: [MythicMobs] [STDOUT] EMPTY_TIME_NO_TICK
[00:17:08] [Server thread/INFO]: [MythicMobs] [STDOUT] MAX_SCHEDULED_TICKS_PER_TICK
[00:17:08] [Server thread/INFO]: [MythicMobs] [STDOUT] players
[00:17:08] [Server thread/INFO]: [MythicMobs] [STDOUT] chunkSource
[00:17:08] [Server thread/INFO]: [MythicMobs] [STDOUT] server
[00:17:08] [Server thread/INFO]: [MythicMobs] [STDOUT] serverLevelData
[00:17:08] [Server thread/INFO]: [MythicMobs] [STDOUT] lastSpawnChunkRadius
[00:17:08] [Server thread/INFO]: [MythicMobs] [STDOUT] entityTickList
[00:17:08] [Server thread/INFO]: [MythicMobs] [STDOUT] gameEventDispatcher
[00:17:08] [Server thread/INFO]: [MythicMobs] [STDOUT] noSave
[00:17:08] [Server thread/INFO]: [MythicMobs] [STDOUT] sleepStatus
[00:17:08] [Server thread/INFO]: [MythicMobs] [STDOUT] emptyTime
[00:17:08] [Server thread/INFO]: [MythicMobs] [STDOUT] portalForcer
[00:17:08] [Server thread/INFO]: [MythicMobs] [STDOUT] blockTicks
[00:17:08] [Server thread/INFO]: [MythicMobs] [STDOUT] fluidTicks
[00:17:08] [Server thread/INFO]: [MythicMobs] [STDOUT] pathTypesByPosCache
[00:17:08] [Server thread/INFO]: [MythicMobs] [STDOUT] navigatingMobs
[00:17:08] [Server thread/INFO]: [MythicMobs] [STDOUT] isUpdatingNavigations
[00:17:08] [Server thread/INFO]: [MythicMobs] [STDOUT] raids
[00:17:08] [Server thread/INFO]: [MythicMobs] [STDOUT] blockEvents
[00:17:08] [Server thread/INFO]: [MythicMobs] [STDOUT] blockEventsToReschedule
[00:17:08] [Server thread/INFO]: [MythicMobs] [STDOUT] handlingTick
[00:17:08] [Server thread/INFO]: [MythicMobs] [STDOUT] customSpawners
[00:17:08] [Server thread/INFO]: [MythicMobs] [STDOUT] dragonFight
[00:17:08] [Server thread/INFO]: [MythicMobs] [STDOUT] dragonParts
[00:17:08] [Server thread/INFO]: [MythicMobs] [STDOUT] structureManager
[00:17:08] [Server thread/INFO]: [MythicMobs] [STDOUT] structureCheck
[00:17:08] [Server thread/INFO]: [MythicMobs] [STDOUT] tickTime
[00:17:08] [Server thread/INFO]: [MythicMobs] [STDOUT] randomSequences
[00:17:08] [Server thread/INFO]: [MythicMobs] [STDOUT] convertable
[00:17:08] [Server thread/INFO]: [MythicMobs] [STDOUT] uuid
[00:17:08] [Server thread/INFO]: [MythicMobs] [STDOUT] hasPhysicsEvent
[00:17:08] [Server thread/INFO]: [MythicMobs] [STDOUT] hasEntityMoveEvent
[00:17:08] [Server thread/INFO]: [MythicMobs] [STDOUT] wireHandler
[00:17:08] [Server thread/INFO]: [MythicMobs] [STDOUT] markedClosing
[00:17:08] [Server thread/INFO]: [MythicMobs] [STDOUT] viewDistanceHolder
[00:17:08] [Server thread/INFO]: [MythicMobs] [STDOUT] chunkLoader
[00:17:08] [Server thread/INFO]: [MythicMobs] [STDOUT] entityDataController
[00:17:08] [Server thread/INFO]: [MythicMobs] [STDOUT] poiDataController
[00:17:08] [Server thread/INFO]: [MythicMobs] [STDOUT] chunkDataController
[00:17:08] [Server thread/INFO]: [MythicMobs] [STDOUT] chunkTaskScheduler
[00:17:08] [Server thread/INFO]: [MythicMobs] [STDOUT] lastMidTickFailure
[00:17:08] [Server thread/INFO]: [MythicMobs] [STDOUT] tickedBlocksOrFluids
[00:17:08] [Server thread/INFO]: [MythicMobs] [STDOUT] nearbyPlayers
[00:17:08] [Server thread/INFO]: [MythicMobs] [STDOUT] EMPTY_CHUNK_AND_HOLDERS
[00:17:08] [Server thread/INFO]: [MythicMobs] [STDOUT] loadedChunks
[00:17:08] [Server thread/INFO]: [MythicMobs] [STDOUT] tickingChunks
[00:17:08] [Server thread/INFO]: [MythicMobs] [STDOUT] entityTickingChunks
[00:17:08] [Server thread/INFO]: [MythicMobs] [STDOUT] lagCompensationTick
[00:17:08] [Server thread/INFO]: [MythicMobs] [STDOUT] currentlyTickingEntity
[00:17:08] [Server thread/INFO]: [PlaceholderAPI] Successfully registered internal expansion: mythic [5.0.0]
[00:17:09] [Server thread/INFO]: [MythicMobs] Mythic PlaceholderAPI Support has been enabled!
[00:17:09] [Server thread/INFO]: [MythicMobs] Mythic ProtocolLib Support has been enabled!
[00:17:09] [Server thread/INFO]: [MythicMobs] Mythic Vault Support has been enabled!
[00:17:09] [Server thread/INFO]: [MythicMobs] Mythic WorldGuard Support has been enabled!
[00:17:09] [Server thread/INFO]: [MythicMobs] Base directory /workspaces/TestServer/servidor_minecraft/plugins/MythicMobs/data
[00:17:09] [Server thread/INFO]: [MythicMobs] Module directory /workspaces/TestServer/servidor_minecraft/plugins/MythicMobs/data/worlds
[00:17:12] [Server thread/INFO]: [MythicMobs] Loading Packs...
[00:17:12] [Server thread/INFO]: [MythicMobs] Loading Items...
[00:17:12] [Server thread/INFO]: [MythicMobs] Loading Item Groups...
[00:17:12] [Server thread/INFO]: [MythicMobs] Loading Skills...
[00:17:14] [Server thread/INFO]: Environment: Environment[sessionHost=https://sessionserver.mojang.com, servicesHost=https://api.minecraftservices.com, name=PROD]
[00:17:14] [Server thread/INFO]: [MythicMobs] Loading Drop Tables...
[00:17:14] [Server thread/INFO]: [MythicMobs] Loading Random Spawns...
[00:17:14] [Server thread/INFO]: [MythicMobs] Loading Spawn Blocks...
[00:17:14] [Server thread/INFO]: [MythicMobs] ✓ Loaded 55 mobs.
[00:17:14] [Server thread/INFO]: [MythicMobs] ✓ Loaded 3 vanilla mob overrides.
[00:17:14] [Server thread/INFO]: [MythicMobs] ✓ Loaded 0 mob stacks.
[00:17:14] [Server thread/INFO]: [MythicMobs] ✓ Loaded 254 skills.
[00:17:14] [Server thread/INFO]: [MythicMobs] ✓ Loaded 8 random spawns.
[00:17:14] [Server thread/INFO]: [MythicMobs] ✓ Loaded 8 mythic items.
[00:17:14] [Server thread/INFO]: [MythicMobs] ✓ Loaded 4 drop tables.
[00:17:14] [Server thread/INFO]: [MythicMobs] ✓ Loaded 0 mob spawners.
[00:17:14] [Server thread/INFO]: [MythicMobs] MythicMobs configuration file loaded successfully.
[00:17:15] [Server thread/INFO]: [MythicMobs] Started up bStats Metrics
[00:17:15] [Server thread/INFO]: [MythicMobs] ✓ MythicMobs Premium v5.8.0 ( build 7b1a5e36 ) has been successfully loaded!
[00:17:16] [Server thread/INFO]: [MythicMobs] Model Engine Compatibility Loaded.
[00:17:16] [Server thread/INFO]: [ModelEngine] [S] Compatibility applied: MythicMobs
[00:17:16] [Server thread/INFO]: [Essentials] Enabling Essentials v2.21.0-dev+149-424816e
[00:17:17] [Server thread/ERROR]: [Essentials] You are running an unsupported server version!
[00:17:17] [Server thread/INFO]: [Essentials] Attempting to convert old kits in config.yml to new kits.yml
[00:17:17] [Server thread/INFO]: [Essentials] No kits found to migrate.
[00:17:18] [Server thread/INFO]: [Essentials] Loaded 43465 items from items.json.
[00:17:18] [Server thread/INFO]: [Essentials] Using locale en
[00:17:18] [Server thread/INFO]: [Essentials] ServerListPingEvent: Spigot iterator API
[00:17:19] [Server thread/INFO]: [Essentials] Starting Metrics. Opt-out using the global bStats config.
[00:17:19] [Server thread/INFO]: [Vault] [Economy] Essentials Economy hooked.
[00:17:19] [Server thread/INFO]: [Essentials] Using Vault based permissions (LuckPerms)
[00:17:19] [Server thread/INFO]: [Orebfuscator] Enabling Orebfuscator v5.5.1
[00:17:23] [Server thread/INFO]: [ItemsAdder] Enabling ItemsAdder v4.0.15
[00:17:23] [Server thread/WARN]: [ItemsAdder] LoneLibs is enabled. This plugin is not needed anymore and it's recommended to remove it (if you are not using it for other plugins).
[00:17:23] [Server thread/WARN]: ItemsAdder) Using default server address: . Consider setting it in the `config.yml`
[00:17:23] [Server thread/WARN]: ItemsAdder) Using default server port: 25565. Consider setting it in the `config.yml`
[00:17:23] [Server thread/INFO]: ItemsAdder) 
                                                   ItemsAdder 4.0.15
  ___  ___        __        __   __   ___  __      ProtocolLib 5.4.0
|  |  |__   |\/| /__`  /\  |  \ |  \ |__  |__)     Paper 1.21.1-57-b483da4 (MC: 1.21.1)
|  |  |___  |  | .__/ /--\ |__/ |__/ |___ |  \     Build Date: 2025-11-07_18.11.08
                                                   Java Version: 21.0.9
                                                   OS: Linux 6.8.0-1030-azure                                               
[00:17:23] [Server thread/INFO]: [ItemsAdder] Loading GlowingEntities API
[00:17:23] [Server thread/INFO]: [GlowingEntities] [GlowingEntities] Found server version 1.21.1
[00:17:23] [Server thread/INFO]: [GlowingEntities] [GlowingEntities] Loaded transparent mappings.
[00:17:28] [Server thread/INFO]: [ShopGUIPlus] Enabling ShopGUIPlus v1.101.1
[00:17:28] [Server thread/INFO]: [ShopGUIPlus] [STDOUT] [Spigotunlocked.com] - COSMO
[00:17:28] [Server thread/WARN]: Nag author(s): '[brc]' of 'ShopGUIPlus v1.101.1' about their usage of System.out/err.print. Please use your plugin's logger instead (JavaPlugin#getLogger).
[00:17:29] [Server thread/INFO]: [EssentialsChat] Enabling EssentialsChat v2.21.0-dev+149-424816e
[00:17:29] [Server thread/INFO]: [EssentialsChat] Starting Metrics. Opt-out using the global bStats config.
[00:17:29] [Server thread/INFO]: [TAB] Enabling TAB v5.0.3
[00:17:29] [Server thread/INFO]: [TAB] Loaded NMS hook in 133ms
[00:17:30] [Server thread/INFO]: [TAB] Enabled in 941ms
[00:17:30] [Server thread/INFO]: [CMILib] Enabling CMILib v1.5.2.3
[00:17:31] [Server thread/INFO]: Server version: v1_21_R1 - 1.21.1 - paper  1.21.1-57-b483da4 (MC: 1.21.1)
[00:17:32] [Server thread/INFO]: [PlaceholderAPI] Successfully registered internal expansion: cmil [1.5.2.3]
[00:17:32] [Server thread/INFO]: PlaceholderAPI hooked.
[00:17:32] [Server thread/INFO]: Updated (EN) language file. Took 167ms
[00:17:32] [Server thread/INFO]: [ajLeaderboards] Enabling ajLeaderboards v2.10.1
[00:17:34] [Server thread/INFO]: [ajLeaderboards] Using H2 flatfile for board cache. (h2)
[00:17:34] [Server thread/INFO]: [ajLeaderboards] Loaded 6 boards
[00:17:34] [Server thread/INFO]: [PlaceholderAPI] Successfully registered internal expansion: ajlb [2.10.1]
[00:17:34] [Server thread/INFO]: [ajLeaderboards] PAPI placeholders successfully registered!
[00:17:34] [Server thread/INFO]: [ajLeaderboards] ajLeaderboards v2.10.1 by ajgeiss0702 enabled!
[00:17:34] [Server thread/INFO]: [MythicCrucible] Enabling MythicCrucible v2.1.0-SNAPSHOT
[00:17:34] [Server thread/INFO]: [MythicMobs] §6------------------------------------------------
[00:17:34] [Server thread/INFO]: [MythicMobs] §b+ Loading MythicCrucible for Bukkit
[00:17:34] [Server thread/INFO]: [MythicMobs] §6------------------------------------------------
[00:17:35] [Server thread/INFO]: [MythicMobs] Registering Durability Listener
[00:17:36] [pool-64-thread-1/INFO]: [ajLeaderboards] You are up to date! (2.10.1)
[00:17:45] [Server thread/INFO]: [MythicMobs] Started up bStats Metrics
[00:17:45] [Server thread/INFO]: [MythicMobs] MythicCrucible Support has been enabled!
[00:17:45] [Server thread/INFO]: [MythicMobs] MythicCrucible WorldEdit support enabled!
[00:17:45] [Server thread/INFO]: [MythicMobs] Attached traits to items.
[00:17:45] [Server thread/INFO]: [MythicMobs] Loaded 8 items.
[00:17:45] [Server thread/INFO]: [MythicMobs] ✓ MythicCrucible  v2.1.0 has been successfully loaded!
[00:17:45] [Server thread/INFO]: [MyCommand] Enabling MyCommand v5.7.4
[00:17:45] [Server thread/INFO]: *-=-=-=-=-=-=-=-=-* MyCommand v.5.7.4*-=-=-=-=-=-=-=-=-=-*
[00:17:45] [Server thread/INFO]: | Hooked on Vault 1.7.3-b131
[00:17:45] [Server thread/INFO]: | Command file(s) found : 2
[00:17:46] [Server thread/INFO]: | Config : Ready.
[00:17:46] [Server thread/INFO]: | ProtocolLib found, features availables (SignMenu)
[00:17:46] [Server thread/INFO]: [PlaceholderAPI] Successfully registered internal expansion: mycommand [1.0.0]
[00:17:46] [Server thread/INFO]: | Placeholder_API : Hooked, Ok.
[00:17:46] [Server thread/INFO]: | Custom commands loaded : 47
[00:17:46] [Server thread/INFO]: | New update available : MyCommand v5.7.5
[00:17:46] [Server thread/INFO]: |          by emmerrei a.k.a. ivanfromitaly.           
[00:17:46] [Server thread/INFO]: *-=-=-=-=-=-=-=-=-=-*   Done!   *-=-=-=-=-=-=-=-=-=-=-*
[00:17:46] [Server thread/INFO]: [MCPets] Enabling MCPets v4.1.5-SNAPSHOT
[00:17:47] [Server thread/INFO]: [MCPets] : Language file reloaded.
[00:17:47] [Server thread/INFO]: [MCPets] : Blacklist file reloaded.
[00:17:47] [Server thread/INFO]: Loading pets... 
[00:17:47] [Server thread/INFO]:   - bs_cc_elephant loaded succesfully.
[00:17:47] [Server thread/INFO]:   - bs_cc_rhino loaded succesfully.
[00:17:47] [Server thread/INFO]:   - bs_cc_hippo loaded succesfully.
[00:17:47] [Server thread/INFO]:   - Nocsy_Cat-Fallen loaded succesfully.
[00:17:47] [Server thread/INFO]:   - Nocsy_Cat-European loaded succesfully.
[00:17:47] [Server thread/INFO]:   - Nocsy_Cat-Munchkin loaded succesfully.
[00:17:47] [Server thread/INFO]:   - Nocsy_Cat-MaineCoon loaded succesfully.
[00:17:47] [Server thread/INFO]:   - Nocsy_Cat-Siamese loaded succesfully.
[00:17:47] [Server thread/INFO]:   - Nocsy_Cat-ScottishFold loaded succesfully.
[00:17:47] [Server thread/INFO]:   - Nocsy_Cat-Bombay loaded succesfully.
[00:17:47] [Server thread/INFO]: [MCPets] : 10 pets registered successfully !
[00:17:47] [Server thread/INFO]: [MCPets] : 4 categories registered successfully !
[00:17:47] [Server thread/ERROR]: [MCPets] Could not reach SQL database. Please configure your database parameters.
[00:17:47] [Server thread/INFO]: [MCPets] [Database] Can't initialize MySQL.
[00:17:47] [Server thread/INFO]: [MCPets] [Database] Will be using YAML support instead (no worry it's not a bug).
[00:17:47] [Server thread/INFO]: -=-=-=-= MCPets loaded =-=-=-=-
[00:17:47] [Server thread/INFO]:       Plugin made by Nocsy     
[00:17:47] [Server thread/INFO]: -=-=-=-= -=-=-=-=-=-=- =-=-=-=-
[00:17:47] [Server thread/INFO]: -=- Launching Flags -=-
[00:17:47] [Server thread/INFO]: [MCPets] : Starting flag mcpets-dismount.
[00:17:47] [Server thread/INFO]: [MCPets] : Starting flag mcpets-despawn.
[00:17:47] [Server thread/INFO]: [MCPets] : Starting flag mcpets-dismount-flying.
[00:17:47] [Server thread/INFO]: 3 flags launched.
[00:17:47] [Server thread/INFO]: [DecentHolograms] Enabling DecentHolograms v2.9.8
[00:17:47] [Server thread/INFO]: [DecentHolograms] Initialized NMS adapter for v1_21_R1 (1.21.1).
[00:17:48] [Server thread/INFO]: [NBTAPI] [NBTAPI] Found Minecraft: 1.21.1! Trying to find NMS support
[00:17:48] [Server thread/INFO]: [NBTAPI] [NBTAPI] NMS support 'MC1_21_R1' loaded!
[00:17:48] [Server thread/INFO]: [NBTAPI] [NBTAPI] Using the plugin 'DecentHolograms' to create a bStats instance!
[00:17:48] [Server thread/INFO]: [DecentHolograms] NBT-API loaded successfully.
[00:17:48] [Server thread/INFO]: [EssentialsSpawn] Enabling EssentialsSpawn v2.21.0-dev+149-424816e
[00:17:48] [Server thread/INFO]: [EssentialsSpawn] Starting Metrics. Opt-out using the global bStats config.
[00:17:48] [Server thread/INFO]: [Craftorithm] Enabling Craftorithm v1.10.22-20251003
[00:17:48] [Server thread/INFO]: [Quests] Enabling Quests v3.15.2-b216e2b
[00:17:48] [Server thread/INFO]: [Quests] Running server scheduler: FoliaServerScheduler
[00:17:48] [Server thread/INFO]: [Quests] Initialising storage provider 'yaml'
[00:17:48] [Server thread/INFO]: [Quests] Your server is running version 1.21
[00:17:48] [Server thread/ERROR]: [Quests] Could not set color for the initialized boss bar implementation, using default instead!
[00:17:48] [Server thread/ERROR]: [Quests] Update your config to latest version! (color section is missing)
[00:17:48] [Server thread/ERROR]: [Quests] https://github.com/LMBishop/Quests/blob/master/bukkit/src/main/resources/resources/bukkit/config.yml
[00:17:48] [Server thread/ERROR]: [Quests] Could not set style for the initialized boss bar implementation, using default instead!
[00:17:48] [Server thread/ERROR]: [Quests] Update your config to latest version! (style section is missing)
[00:17:48] [Server thread/ERROR]: [Quests] https://github.com/LMBishop/Quests/blob/master/bukkit/src/main/resources/resources/bukkit/config.yml
[00:17:48] [Server thread/INFO]: [Quests] Metrics started. This can be disabled at /plugins/bStats/config.yml.
[00:17:48] [Folia Async Scheduler Thread #0/INFO]: [Quests] A new version 3.16.1 was found on Spigot (your version: 3.15.2-b216e2b). Please update me! <3 - Link: https://get.leonardobishop.com/quests
[00:17:48] [Server thread/INFO]: [DeluxeMenus] Enabling DeluxeMenus v1.14.1-DEV-184
[00:17:48] [Server thread/INFO]: [DeluxeMenus] Successfully hooked into PlaceholderAPI!
[00:17:49] [Server thread/INFO]: [DeluxeMenus] Successfully hooked into Vault!
[00:17:51] [Server thread/INFO]: [DeluxeMenus] 117 GUI menus loaded!
[00:17:51] [Server thread/INFO]: [DeluxeMenus] You are running the latest version of DeluxeMenus!
[00:17:51] [Server thread/INFO]: [PlaceholderAPI] Successfully registered internal expansion: deluxemenus [1.14.1-DEV-184]
[00:17:51] [Server thread/INFO]: [Chunky] Enabling Chunky v1.4.28
[00:17:52] [Server thread/INFO]: [EconomyShopGUI] Enabling EconomyShopGUI v6.9.1
[00:17:52] [Server thread/INFO]: [EconomyShopGUI] [INFO]: Using lang-en.yml as language file.
[00:17:52] [Server thread/INFO]: [EconomyShopGUI] [INFO]: Completed loading 16 section configs from /sections/
[00:17:52] [Server thread/INFO]: [EconomyShopGUI] [INFO]: Completed loading 16 shop configs from /shops/
[00:17:52] [Server thread/INFO]: [EconomyShopGUI] [INFO]: Updating Shop settings...
[00:17:52] [Server thread/INFO]: [EconomyShopGUI] [INFO]: Successfully hooked into Vault
[00:17:52] [Server thread/INFO]: [EconomyShopGUI] [INFO]: Completed loading 1 economy provider(s) for all 14 shop sections.
[00:17:52] [Server thread/INFO]: [EconomyShopGUI] [INFO]: Using minecraft version 1.21.1...
[00:17:52] [Server thread/INFO]: [EconomyShopGUI] [INFO]: Spawner provider set to AUTO in config
[00:17:52] [Server thread/INFO]: [EconomyShopGUI] [INFO]: Automatically searching for compatible spawner provider....
[00:17:52] [Server thread/INFO]: [EconomyShopGUI] [INFO]: Failed to automatically find compatible spawner provider, using default...
[00:17:52] [Server thread/INFO]: [PlaceholderAPI] Successfully registered internal expansion: esgui [1.0.0]
[00:17:52] [Server thread/INFO]: [EconomyShopGUI] [INFO]: Debug mode is enabled.
[00:17:52] [Server thread/INFO]: [EconomyShopGUI] [INFO]: Loading all items...
[00:17:53] [Server thread/INFO]: [EconomyShopGUI] [INFO]: Initialized - Took 955ms to complete
[00:17:53] [ESGUI_UTIL_THREAD #0/INFO]: [EconomyShopGUI] [INFO]: There is an update available for EconomyShopGUI, you are running v6.9.1 but found v6.16.2.
[00:17:53] [ESGUI_UTIL_THREAD #0/INFO]: [EconomyShopGUI] [INFO]: Download at: https://www.spigotmc.org/resources/economyshopgui.69927/
[00:17:53] [Server thread/INFO]: [ChatManager] Enabling ChatManager v4.0.2
[00:17:53] [Server thread/INFO]: [PlaceholderAPI] Successfully registered internal expansion: chatmanager [4.0.2]
[00:17:53] [Server thread/INFO]: [ConditionalEvents] Enabling ConditionalEvents v4.57.5
[00:17:54] [Server thread/INFO]: [PlaceholderAPI] Successfully registered internal expansion: conditionalevents [4.57.5]
[00:17:54] [Server thread/INFO]: [ConditionalEvents] Has been enabled! Version: 4.57.5
[00:17:54] [Server thread/INFO]: [ConditionalEvents] Thanks for using my plugin!   ~Ajneb97
[00:17:54] [Server thread/INFO]: There is a new version available. (4.73.1)
[00:17:54] [Server thread/INFO]: You can download it at: https://modrinth.com/plugin/conditionalevents
[00:17:54] [Server thread/INFO]: [PvPManager] Enabling PvPManager v4.0.7
[00:17:54] [Server thread/INFO]: [PvPManager] Using player nametags: true
[00:17:54] [Server thread/INFO]: [PvPManager] Connected to SQLITE database successfully
[00:17:54] [Server thread/INFO]: [PvPManager] Players stored: 1
[00:17:54] [Server thread/INFO]: [PvPManager] WorldGuard Found! Enabling Support For WorldGuard Regions
[00:17:54] [Server thread/INFO]: [WorldGuard] Registering session handler me.chancesd.pvpmanager.integration.hook.worldguard.WorldGuardFlagHandler
[00:17:54] [Server thread/INFO]: [PvPManager] Essentials Found! Hooked successfully
[00:17:54] [Server thread/INFO]: [PvPManager] Vault Found! Using it for currency related features
[00:17:54] [Server thread/INFO]: [PvPManager] PlaceholderAPI Found! Hooked successfully
[00:17:54] [Server thread/INFO]: [PlaceholderAPI] Successfully registered internal expansion: pvpmanager [4.0.7]
[00:17:54] [Server thread/INFO]: [PvPManager] TAB Found! Using TAB to change nametags instead of scoreboards
[00:17:54] [Server thread/INFO]: [PvPManager] PvPManager v4.0.7 enabled (748 ms)
[00:17:55] [Server thread/INFO]: [Shopkeepers] Enabling Shopkeepers v2.23.3
[00:17:55] [Server thread/INFO]: [Shopkeepers] Loading the data of 1 shopkeepers ...
[00:17:55] [Server thread/INFO]: [AnimatedScoreboard] Enabling AnimatedScoreboard v0.3.5
[00:17:55] [Server thread/INFO]: [PlaceholderAPI] Successfully registered internal expansion: animatedscoreboard [0.0.1]
[00:17:55] [Server thread/INFO]: [SepareWorldItems] Enabling SepareWorldItems v1.2.21
[00:17:55] [Server thread/INFO]: ------------------------------------
[00:17:55] [Server thread/INFO]:  On SepareWorldItems 1.2.21
[00:17:55] [Server thread/INFO]:  
[00:17:55] [Server thread/INFO]:  Thanks for using SepareWorldItems :D
[00:17:55] [Server thread/INFO]:  Created By: Happyuky7
[00:17:55] [Server thread/INFO]:  
[00:17:55] [Server thread/INFO]:  Version Server: 1.21.1-57-b483da4 (MC: 1.21.1)
[00:17:55] [Server thread/INFO]:  
[00:17:55] [Server thread/INFO]:  Discord: https://discord.gg/3EebYUyeUX
[00:17:55] [Server thread/INFO]:  GitHub: https://github.com/Happyuky7/SEPARE-WORLD-ITEMS
[00:17:55] [Server thread/INFO]: ------------------------------------
[00:17:55] [Server thread/INFO]:  
[00:17:55] [Server thread/INFO]: ------------------------------------
[00:17:55] [Server thread/INFO]:  [Register]: Load Files.
[00:17:55] [Server thread/INFO]: ------------------------------------
[00:17:55] [Server thread/INFO]:  [Register]: Load Langs Files.
[00:17:55] [Server thread/INFO]: ------------------------------------
[00:17:55] [Server thread/INFO]:  [Register]: Load Commands.
[00:17:55] [Server thread/INFO]: ------------------------------------
[00:17:55] [Server thread/INFO]:  [Register]: Load Events.
[00:17:55] [Server thread/INFO]: ------------------------------------
[00:17:55] [Server thread/INFO]:  [Register]: Reload Files.
[00:17:55] [Server thread/INFO]: ------------------------------------
[00:17:55] [Server thread/INFO]: [Jobs] Enabling Jobs v5.2.4.5
[00:17:55] [Server thread/INFO]: ------------- Jobs -------------
[00:17:55] [Server thread/INFO]: [PlaceholderAPI] Successfully registered internal expansion: jobsr [5.2.4.5]
[00:17:55] [Server thread/INFO]: PlaceholderAPI hooked.
[00:17:55] [Server thread/INFO]: Connected to database (SqLite)
[00:17:56] [Server thread/INFO]: Loaded 9 titles
[00:17:56] [Server thread/INFO]: Loaded 2 restricted areas!
[00:17:56] [Server thread/INFO]: Loaded 119 protected blocks timers
[00:17:56] [Server thread/INFO]: Loaded 1481 custom item names
[00:17:56] [Server thread/INFO]: Loaded 84 custom entity names
[00:17:56] [Server thread/INFO]: Loaded 2 custom MythicMobs names
[00:17:56] [Server thread/INFO]: Loaded 42 custom enchant names
[00:17:56] [Server thread/INFO]: Loaded 46 custom enchant names
[00:17:56] [Server thread/INFO]: Loaded 16 custom color names
[00:17:56] [Server thread/INFO]: Update shops items icon section and use 'ItemStack' instead
[00:17:57] [Server thread/INFO]: Loaded 9 shop items
[00:17:57] [Server thread/INFO]: Update Cocinero jobs gui item section to use `ItemStack` instead of `Item` sections format. More information inside _EXAMPLE job file
[00:17:57] [Server thread/INFO]: Loaded 19 jobs
[00:17:57] [Server thread/INFO]: Loaded 0 boosted items
[00:17:57] [Server thread/INFO]: Loaded 1 furnace for reassigning.
[00:17:57] [Jobs-DatabaseSaveTask/INFO]: Started database save task.
[00:17:57] [Jobs-BufferedPaymentThread/INFO]: Started buffered payment thread.
[00:17:57] [Server thread/INFO]: Preloaded 2 players data in 0.08
[00:17:57] [Server thread/INFO]: Registering listeners...
[00:17:57] [Server thread/INFO]: Listeners registered successfully
[00:17:57] [PvPManager Worker Thread - 0/INFO]: [PvPManager] Checking for updates...
[00:17:57] [PvPManager Worker Thread - 0/INFO]: [PvPManager] No update found
[00:17:57] [Server thread/INFO]: Plugin has been enabled successfully.
[00:17:57] [Server thread/INFO]: ------------------------------------
[00:17:58] [Server thread/INFO]: [spark] Starting background profiler...
[00:17:59] [Server thread/INFO]: [PlaceholderAPI] Placeholder expansion registration initializing...
[00:17:59] [Server thread/INFO]: Done preparing level "world" (63.470s)
[00:17:59] [Server thread/INFO]: Running delayed init tasks
[00:17:59] [Craft Scheduler Thread - 5 - ModelEngine/INFO]: [ModelEngine] [A] 
[00:17:59] [Craft Scheduler Thread - 5 - ModelEngine/INFO]: [ModelEngine] [A] [Importing models]
[00:17:59] [Server thread/INFO]: [Essentials] Essentials found a compatible payment resolution method: Vault Compatibility Layer (v1.7.3-b131)!
[00:17:59] [Craft Scheduler Thread - 15 - CMILib/INFO]: New version of CMILib was detected. Please update it
[00:17:59] [Craft Scheduler Thread - 19 - DecentHolograms/INFO]: [DecentHolograms] Loading holograms... 
[00:17:59] [Craft Scheduler Thread - 23 - AnimatedScoreboard/INFO]: [AnimatedScoreboard] Checking for an update!
[00:17:59] [Craft Scheduler Thread - 5 - ModelEngine/INFO]: [ModelEngine] [A] 
[00:17:59] [Craft Scheduler Thread - 5 - ModelEngine/INFO]: [ModelEngine] [A] Importing bl_flying_spider.bbmodel.
[00:17:59] [Craft Scheduler Thread - 8 - ItemsAdder/INFO]: ItemsAdder) [License] Spigot product licensed to: timoprince (1869569)
[00:17:59] [Craft Scheduler Thread - 23 - AnimatedScoreboard/INFO]: [AnimatedScoreboard] You are 3 versions behind! Get AnimatedScoreboard(v0.3.8) at:
[00:17:59] [Craft Scheduler Thread - 23 - AnimatedScoreboard/INFO]: [AnimatedScoreboard] https://www.spigotmc.org/resources/20848
[00:17:59] [Server thread/INFO]: [Craftorithm] Found Vault, hooked successfully.
[00:17:59] [Craft Scheduler Thread - 15 - DecentHolograms/INFO]: 
A newer version of DecentHolograms is available. Download it from: 
- https://www.spigotmc.org/resources/96927/
- https://modrinth.com/plugin/decentholograms
[00:17:59] [Server thread/INFO]: [Craftorithm] Found ItemsAdder, hooked successfully.
[00:17:59] [Server thread/INFO]: [Craftorithm] Found MythicMobs, hooked successfully.
[00:17:59] [Craft Scheduler Thread - 24 - Vault/INFO]: [Vault] Checking for Updates ... 
[00:17:59] [Craft Scheduler Thread - 24 - Vault/INFO]: [Vault] No new version available
[00:17:59] [Server thread/INFO]: WorldGuard detected.
[00:17:59] [Server thread/INFO]: MythicMobs 5.x detected.
[00:17:59] [Craft Scheduler Thread - 11 - Essentials/INFO]: [Essentials] Fetching version information...
[00:17:59] [Server thread/INFO]: [Jobs] Successfully linked with Vault. (XConomy)
[00:18:00] [Server thread/INFO]: [Jobs] Successfully linked with Vault. (LuckPerms)
[00:18:00] [Craft Scheduler Thread - 5 - ModelEngine/INFO]: [ModelEngine] [A] 
[00:18:00] [Craft Scheduler Thread - 5 - ModelEngine/INFO]: [ModelEngine] [A] Importing bl_flying_spider_waves.bbmodel.
[00:18:00] [Craft Scheduler Thread - 5 - ModelEngine/INFO]: [ModelEngine] [A] 
[00:18:00] [Craft Scheduler Thread - 5 - ModelEngine/INFO]: [ModelEngine] [A] Importing bl_shadow_spider.bbmodel.
[00:18:00] [Craft Scheduler Thread - 5 - ModelEngine/INFO]: [ModelEngine] [A] 
[00:18:00] [Craft Scheduler Thread - 5 - ModelEngine/INFO]: [ModelEngine] [A] Importing bl_toxin_spider.bbmodel.
[00:18:00] [Craft Scheduler Thread - 5 - ModelEngine/INFO]: [ModelEngine] [A] 
[00:18:00] [Craft Scheduler Thread - 5 - ModelEngine/INFO]: [ModelEngine] [A] Importing bl_toxin_spider_projectile.bbmodel.
[00:18:00] [Craft Scheduler Thread - 5 - ModelEngine/INFO]: [ModelEngine] [A] 
[00:18:00] [Craft Scheduler Thread - 5 - ModelEngine/INFO]: [ModelEngine] [A] Importing bl_toxin_spider_projectile_end.bbmodel.
[00:18:00] [Craft Scheduler Thread - 14 - ItemsAdder/INFO]: ItemsAdder) [Content] Loaded 209 items
[00:18:00] [Craft Scheduler Thread - 5 - ModelEngine/INFO]: [ModelEngine] [A] 
[00:18:00] [Craft Scheduler Thread - 5 - ModelEngine/INFO]: [ModelEngine] [A] Importing bl_toxin_spider_web.bbmodel.
[00:18:00] [Craft Scheduler Thread - 5 - ModelEngine/INFO]: [ModelEngine] [A] 
[00:18:00] [Craft Scheduler Thread - 5 - ModelEngine/INFO]: [ModelEngine] [A] Importing bs_cc_elephant.bbmodel.
[00:18:00] [Craft Scheduler Thread - 14 - ItemsAdder/INFO]: ItemsAdder) Used Blocks IDs:
[00:18:00] [Craft Scheduler Thread - 14 - ItemsAdder/INFO]: ItemsAdder)  - REAL 0/188
[00:18:00] [Craft Scheduler Thread - 14 - ItemsAdder/INFO]: ItemsAdder)  - REAL_NOTE 29/750
[00:18:00] [Craft Scheduler Thread - 14 - ItemsAdder/INFO]: ItemsAdder)  - REAL_TRANSPARENT 0/63
[00:18:00] [Craft Scheduler Thread - 14 - ItemsAdder/INFO]: ItemsAdder) Used Font Images: 690/6608
[00:18:00] [Craft Scheduler Thread - 19 - DecentHolograms/INFO]: [DecentHolograms] Loaded 8 holograms!
[00:18:00] [Craft Scheduler Thread - 5 - ModelEngine/INFO]: [ModelEngine] [A] 
[00:18:00] [Craft Scheduler Thread - 5 - ModelEngine/INFO]: [ModelEngine] [A] Importing bs_cc_hippo.bbmodel.
[00:18:00] [Craft Scheduler Thread - 5 - ModelEngine/INFO]: [ModelEngine] [A] 
[00:18:00] [Craft Scheduler Thread - 5 - ModelEngine/INFO]: [ModelEngine] [A] Importing bs_cc_rhino.bbmodel.
[00:18:00] [Craft Scheduler Thread - 5 - ModelEngine/INFO]: [ModelEngine] [A] 
[00:18:00] [Craft Scheduler Thread - 5 - ModelEngine/INFO]: [ModelEngine] [A] Importing echo_enshrouder.bbmodel.
[00:18:00] [Craft Scheduler Thread - 5 - ModelEngine/INFO]: [ModelEngine] [A] 
[00:18:00] [Craft Scheduler Thread - 5 - ModelEngine/INFO]: [ModelEngine] [A] Importing heavy_dust_cloud.bbmodel.
[00:18:00] [Server thread/INFO]: [PlaceholderAPI] An update for PlaceholderAPI (v2.11.7) is available at:
[00:18:00] [Server thread/INFO]: [PlaceholderAPI] https://www.spigotmc.org/resources/placeholderapi.6245/
[00:18:00] [Craft Scheduler Thread - 5 - ModelEngine/INFO]: [ModelEngine] [A] 
[00:18:00] [Craft Scheduler Thread - 5 - ModelEngine/INFO]: [ModelEngine] [A] Importing nikolai_bag.bbmodel.
[00:18:00] [Craft Scheduler Thread - 5 - ModelEngine/INFO]: [ModelEngine] [A] 
[00:18:00] [Craft Scheduler Thread - 5 - ModelEngine/INFO]: [ModelEngine] [A] Importing nikolai_ice.bbmodel.
[00:18:00] [Craft Scheduler Thread - 5 - ModelEngine/INFO]: [ModelEngine] [A] 
[00:18:00] [Craft Scheduler Thread - 5 - ModelEngine/INFO]: [ModelEngine] [A] Importing nikolai_the_apostate.bbmodel.
[00:18:01] [Thread-0/INFO]: Stopping server
[00:18:01] [Craft Scheduler Thread - 5 - ModelEngine/INFO]: [ModelEngine] [A] 
[00:18:01] [Craft Scheduler Thread - 5 - ModelEngine/INFO]: [ModelEngine] [A] Importing nocsy_cat1.bbmodel.
[00:18:01] [Thread-0/INFO]: [nLogin] Disabling nLogin v10.4.22
[00:18:01] [Craft Scheduler Thread - 5 - ModelEngine/INFO]: [ModelEngine] [A] 
[00:18:01] [Craft Scheduler Thread - 5 - ModelEngine/INFO]: [ModelEngine] [A] Importing nocsy_cat2.bbmodel.
[00:18:01] [Thread-0/INFO]: [nLogin] Successful plugin core shutdown (took 0.06s)
[00:18:02] [Server thread/INFO]: [Craftorithm] Plugin loaded successfully.
[00:18:02] [Craft Scheduler Thread - 5 - ModelEngine/INFO]: [ModelEngine] [A] 
[00:18:02] [Craft Scheduler Thread - 5 - ModelEngine/INFO]: [ModelEngine] [A] Importing nocsy_cat3.bbmodel.
[00:18:02] [Thread-0/INFO]: [LoneLibs] Disabling LoneLibs v1.0.63
[00:18:02] [Thread-0/INFO]: [Jobs] Disabling Jobs v5.2.4.5
[00:18:02] [Thread-0/INFO]: ------------- Jobs -------------
[00:18:02] [Thread-0/INFO]: Cleared boss bar cache
[00:18:02] [Thread-0/INFO]: Saved player data
[00:18:02] [Thread-0/INFO]: Closed database connection
[00:18:02] [Thread-0/INFO]: ------------------------------------
[00:18:02] [Thread-0/INFO]: [SepareWorldItems] Disabling SepareWorldItems v1.2.21
[00:18:02] [Jobs-BufferedPaymentThread/INFO]: Buffered payment thread shutdown.
[00:18:02] [Jobs-DatabaseSaveTask/INFO]: Database save task shutdown!
[00:18:02] [Thread-0/INFO]: ------------------------------------
[00:18:02] [Thread-0/INFO]:  OFF SepareWorldItems 1.2.21
[00:18:02] [Thread-0/INFO]:  
[00:18:02] [Thread-0/INFO]:  Thanks for using SepareWorldItems :D
[00:18:02] [Thread-0/INFO]:  Created By: Happyuky7
[00:18:02] [Thread-0/INFO]:  
[00:18:02] [Thread-0/INFO]:  Version Server: 1.21.1-57-b483da4 (MC: 1.21.1)
[00:18:02] [Thread-0/INFO]:  
[00:18:02] [Thread-0/INFO]:  Discord: https://discord.gg/3EebYUyeUX
[00:18:02] [Thread-0/INFO]:  GitHub: https://github.com/Happyuky7/SEPARE-WORLD-ITEMS
[00:18:02] [Thread-0/INFO]: ------------------------------------
[00:18:02] [Thread-0/INFO]: [AnimatedScoreboard] Disabling AnimatedScoreboard v0.3.5
[00:18:02] [Thread-0/INFO]: [Shopkeepers] Disabling Shopkeepers v2.23.3
[00:18:02] [Craft Scheduler Thread - 5 - ModelEngine/INFO]: [ModelEngine] [A] 
[00:18:02] [Craft Scheduler Thread - 5 - ModelEngine/INFO]: [ModelEngine] [A] Importing nocsy_cat4.bbmodel.
[00:18:02] [Thread-0/ERROR]: Error occurred while disabling Shopkeepers v2.23.3
java.lang.IllegalStateException: This operation has to be called from the main thread!
	at Shopkeepers-2.23.3.jar/com.nisovin.shopkeepers.util.java.Validate$State.illegalStateException(Validate.java:232) ~[Shopkeepers-2.23.3.jar:?]
	at Shopkeepers-2.23.3.jar/com.nisovin.shopkeepers.util.java.Validate$State.error(Validate.java:224) ~[Shopkeepers-2.23.3.jar:?]
	at Shopkeepers-2.23.3.jar/com.nisovin.shopkeepers.util.java.Validate$State.isTrue(Validate.java:299) ~[Shopkeepers-2.23.3.jar:?]
	at Shopkeepers-2.23.3.jar/com.nisovin.shopkeepers.util.bukkit.SingletonTask.validateMainThreadAndNotWithinExecution(SingletonTask.java:136) ~[Shopkeepers-2.23.3.jar:?]
	at Shopkeepers-2.23.3.jar/com.nisovin.shopkeepers.util.bukkit.SingletonTask.awaitExecutions(SingletonTask.java:221) ~[Shopkeepers-2.23.3.jar:?]
	at Shopkeepers-2.23.3.jar/com.nisovin.shopkeepers.storage.SKShopkeeperStorage.saveIfDirtyAndAwaitCompletion(SKShopkeeperStorage.java:857) ~[Shopkeepers-2.23.3.jar:?]
	at Shopkeepers-2.23.3.jar/com.nisovin.shopkeepers.storage.SKShopkeeperStorage.onDisable(SKShopkeeperStorage.java:178) ~[Shopkeepers-2.23.3.jar:?]
	at Shopkeepers-2.23.3.jar/com.nisovin.shopkeepers.SKShopkeepersPlugin.onDisable(SKShopkeepersPlugin.java:490) ~[Shopkeepers-2.23.3.jar:?]
	at org.bukkit.plugin.java.JavaPlugin.setEnabled(JavaPlugin.java:291) ~[paper-mojangapi-1.21.1-R0.1-SNAPSHOT.jar:?]
	at io.papermc.paper.plugin.manager.PaperPluginInstanceManager.disablePlugin(PaperPluginInstanceManager.java:237) ~[paper-1.21.1.jar:1.21.1-57-b483da4]
	at io.papermc.paper.plugin.manager.PaperPluginInstanceManager.disablePlugins(PaperPluginInstanceManager.java:161) ~[paper-1.21.1.jar:1.21.1-57-b483da4]
	at io.papermc.paper.plugin.manager.PaperPluginManagerImpl.disablePlugins(PaperPluginManagerImpl.java:97) ~[paper-1.21.1.jar:1.21.1-57-b483da4]
	at org.bukkit.plugin.SimplePluginManager.disablePlugins(SimplePluginManager.java:541) ~[paper-mojangapi-1.21.1-R0.1-SNAPSHOT.jar:?]
	at org.bukkit.craftbukkit.CraftServer.disablePlugins(CraftServer.java:609) ~[paper-1.21.1.jar:1.21.1-57-b483da4]
	at net.minecraft.server.MinecraftServer.stopServer(MinecraftServer.java:1046) ~[paper-1.21.1.jar:1.21.1-57-b483da4]
	at net.minecraft.server.dedicated.DedicatedServer.stopServer(DedicatedServer.java:847) ~[paper-1.21.1.jar:1.21.1-57-b483da4]
	at net.minecraft.server.MinecraftServer.close(MinecraftServer.java:1009) ~[paper-1.21.1.jar:1.21.1-57-b483da4]
	at org.bukkit.craftbukkit.util.ServerShutdownThread.run(ServerShutdownThread.java:27) ~[paper-1.21.1.jar:1.21.1-57-b483da4]
[00:18:02] [Craft Scheduler Thread - 14 - ItemsAdder/INFO]: ItemsAdder) [Content] Loaded 2 categories
[00:18:02] [Thread-0/INFO]: [PvPManager] Disabling PvPManager v4.0.7
[00:18:02] [Thread-0/INFO]: [PvPManager] Saving player data to storage...
[00:18:02] [Thread-0/INFO]: [WorldGuard] Unregistering session handler me.chancesd.pvpmanager.integration.hook.worldguard.WorldGuardFlagHandler
[00:18:02] [Thread-0/INFO]: [PvPManager] Closed SQLITE storage
[00:18:02] [Thread-0/INFO]: [ConditionalEvents] Disabling ConditionalEvents v4.57.5
[00:18:02] [Thread-0/INFO]: [ConditionalEvents] Has been disabled! Version: 4.57.5
[00:18:02] [Thread-0/INFO]: [ChatManager] Disabling ChatManager v4.0.2
[00:18:02] [Server thread/ERROR]: [PlaceholderAPI] Failed to load class files of expansion.
java.util.concurrent.CompletionException: zip file closed (expansion file: /workspaces/TestServer/servidor_minecraft/plugins/PlaceholderAPI/expansions/Expansion-math.jar)
	at PlaceholderAPI-2.11.6.jar/me.clip.placeholderapi.expansion.manager.LocalExpansionManager.lambda$findExpansionInFile$7(LocalExpansionManager.java:443) ~[PlaceholderAPI-2.11.6.jar:?]
	at java.base/java.util.concurrent.CompletableFuture$AsyncSupply.run(CompletableFuture.java:1768) ~[?:?]
	at java.base/java.lang.Thread.run(Thread.java:1583) ~[?:?]
Caused by: java.lang.IllegalStateException: zip file closed
	at java.base/java.util.zip.ZipFile.ensureOpen(ZipFile.java:846) ~[?:?]
	at java.base/java.util.zip.ZipFile.getEntry(ZipFile.java:338) ~[?:?]
	at java.base/java.util.jar.JarFile.getEntry(JarFile.java:517) ~[?:?]
	at java.base/java.util.jar.JarFile.getJarEntry(JarFile.java:472) ~[?:?]
	at org.bukkit.plugin.java.PluginClassLoader.findClass(PluginClassLoader.java:209) ~[paper-mojangapi-1.21.1-R0.1-SNAPSHOT.jar:?]
	at java.base/java.lang.ClassLoader.loadClass(ClassLoader.java:593) ~[?:?]
	at org.bukkit.plugin.java.PluginClassLoader.loadClass0(PluginClassLoader.java:169) ~[paper-mojangapi-1.21.1-R0.1-SNAPSHOT.jar:?]
	at org.bukkit.plugin.java.PluginClassLoader.loadClass(PluginClassLoader.java:144) ~[paper-mojangapi-1.21.1-R0.1-SNAPSHOT.jar:?]
	at io.papermc.paper.plugin.entrypoint.classloader.group.SpigotPluginClassLoaderGroup.lookupClass(SpigotPluginClassLoaderGroup.java:43) ~[paper-1.21.1.jar:1.21.1-57-b483da4]
	at io.papermc.paper.plugin.entrypoint.classloader.group.SimpleListPluginClassLoaderGroup.getClassByName(SimpleListPluginClassLoaderGroup.java:37) ~[paper-1.21.1.jar:1.21.1-57-b483da4]
	at io.papermc.paper.plugin.entrypoint.classloader.group.LockingClassLoaderGroup.getClassByName(LockingClassLoaderGroup.java:34) ~[paper-1.21.1.jar:1.21.1-57-b483da4]
	at org.bukkit.plugin.java.PluginClassLoader.loadClass0(PluginClassLoader.java:187) ~[paper-mojangapi-1.21.1-R0.1-SNAPSHOT.jar:?]
	at org.bukkit.plugin.java.PluginClassLoader.loadClass(PluginClassLoader.java:164) ~[paper-mojangapi-1.21.1-R0.1-SNAPSHOT.jar:?]
	at java.base/java.lang.ClassLoader.loadClass(ClassLoader.java:580) ~[?:?]
	at java.base/java.lang.ClassLoader.loadClass(ClassLoader.java:526) ~[?:?]
	at PlaceholderAPI-2.11.6.jar/me.clip.placeholderapi.util.FileUtil.findClass(FileUtil.java:62) ~[PlaceholderAPI-2.11.6.jar:?]
	at PlaceholderAPI-2.11.6.jar/me.clip.placeholderapi.expansion.manager.LocalExpansionManager.lambda$findExpansionInFile$7(LocalExpansionManager.java:421) ~[PlaceholderAPI-2.11.6.jar:?]
	... 2 more
[00:18:02] [Craft Scheduler Thread - 5 - ModelEngine/INFO]: [ModelEngine] [A] 
[00:18:02] [Thread-0/INFO]: [EconomyShopGUI] Disabling EconomyShopGUI v6.9.1
[00:18:02] [Craft Scheduler Thread - 5 - ModelEngine/INFO]: [ModelEngine] [A] Importing nocsy_cat5.bbmodel.
[00:18:02] [Thread-0/INFO]: [Chunky] Disabling Chunky v1.4.28
[00:18:02] [Thread-0/INFO]: [nAntiBot] Disabling nAntiBot v2.0.3
[00:18:02] [Thread-0/INFO]: [nAntiBot] Successful plugin core shutdown (took 0.00s)
[00:18:02] [Thread-0/INFO]: [nAntiBot] Disconnecting from remote server...
[00:18:02] [Craft Scheduler Thread - 5 - ModelEngine/INFO]: [ModelEngine] [A] 
[00:18:02] [Craft Scheduler Thread - 5 - ModelEngine/INFO]: [ModelEngine] [A] Importing nocsy_cat6.bbmodel.
[00:18:02] [Server thread/INFO]: [PlaceholderAPI] Successfully registered internal expansion: img [1.0.1]
[00:18:02] [Craft Scheduler Thread - 14 - ItemsAdder/INFO]: ItemsAdder) [Content] Contents loaded successfully!
[00:18:02] [Server thread/INFO]: [PlaceholderAPI] Successfully registered internal expansion: iaplayerstat [1.0.1]
[00:18:02] [Craft Scheduler Thread - 5 - ModelEngine/INFO]: [ModelEngine] [A] 
[00:18:02] [Craft Scheduler Thread - 5 - ModelEngine/INFO]: [ModelEngine] [A] Importing nocsy_cat_fallen.bbmodel.
[00:18:02] [Craft Scheduler Thread - 5 - ModelEngine/INFO]: [ModelEngine] [A] 
[00:18:02] [Craft Scheduler Thread - 5 - ModelEngine/INFO]: [ModelEngine] [A] Importing nocsy_thread_ball.bbmodel.
[00:18:02] [Craft Scheduler Thread - 5 - ModelEngine/INFO]: [ModelEngine] [A] 
[00:18:02] [Craft Scheduler Thread - 5 - ModelEngine/INFO]: [ModelEngine] [A] Importing sculk_crabby.bbmodel.
[00:18:03] [Craft Scheduler Thread - 5 - ModelEngine/INFO]: [ModelEngine] [A] 
[00:18:03] [Craft Scheduler Thread - 5 - ModelEngine/INFO]: [ModelEngine] [A] Importing sculk_screamer.bbmodel.
[00:18:03] [Craft Scheduler Thread - 5 - ModelEngine/INFO]: [ModelEngine] [A] 
[00:18:03] [Craft Scheduler Thread - 5 - ModelEngine/INFO]: [ModelEngine] [A] Importing sculk_sentinel.bbmodel.
[00:18:03] [Craft Scheduler Thread - 5 - ModelEngine/INFO]: [ModelEngine] [A] 
[00:18:03] [Craft Scheduler Thread - 5 - ModelEngine/INFO]: [ModelEngine] [A] Importing sculk_spike.bbmodel.
[00:18:03] [Craft Scheduler Thread - 5 - ModelEngine/INFO]: [ModelEngine] [A] 
[00:18:03] [Craft Scheduler Thread - 5 - ModelEngine/INFO]: [ModelEngine] [A] Importing sculked_crustacean.bbmodel.
[00:18:03] [Craft Scheduler Thread - 14 - ItemsAdder/INFO]: ItemsAdder) [Pack] Resourcepack URL is valid (lobfile). URL: https://lobfile.com/file/P2ukCyYA.zip
[00:18:03] [Craft Scheduler Thread - 5 - ModelEngine/INFO]: [ModelEngine] [A] 
[00:18:03] [Craft Scheduler Thread - 5 - ModelEngine/INFO]: [ModelEngine] [A] Importing shroud_of_darkness.bbmodel.
[00:18:03] [Craft Scheduler Thread - 14 - ItemsAdder/INFO]: ItemsAdder) ResourcePack
[00:18:03] [Craft Scheduler Thread - 14 - ItemsAdder/INFO]: ItemsAdder)  - Path: /servidor_minecraft/plugins/ItemsAdder/output/generated.zip
[00:18:03] [Craft Scheduler Thread - 14 - ItemsAdder/INFO]: ItemsAdder)  - Download: https://lobfile.com/file/P2ukCyYA.zip
[00:18:03] [Craft Scheduler Thread - 14 - ItemsAdder/INFO]: ItemsAdder)  - Size: 1 MB/250 MB (0%)
[00:18:03] [Craft Scheduler Thread - 5 - ModelEngine/INFO]: [ModelEngine] [A] 
[00:18:03] [Craft Scheduler Thread - 5 - ModelEngine/INFO]: [ModelEngine] [A] Importing snow_deer.bbmodel.
[00:18:03] [Craft Scheduler Thread - 5 - ModelEngine/INFO]: [ModelEngine] [A] 
[00:18:03] [Craft Scheduler Thread - 5 - ModelEngine/INFO]: [ModelEngine] [A] Importing soul_bearer.bbmodel.
[00:18:03] [Craft Scheduler Thread - 5 - ModelEngine/INFO]: [ModelEngine] [A] 
[00:18:03] [Craft Scheduler Thread - 5 - ModelEngine/INFO]: [ModelEngine] [A] Importing cointoss.bbmodel.
[00:18:03] [Craft Scheduler Thread - 5 - ModelEngine/WARN]: [ModelEngine] [A] --Warning: Missing hitbox.
[00:18:03] [Craft Scheduler Thread - 5 - ModelEngine/INFO]: [ModelEngine] [A] 
[00:18:03] [Craft Scheduler Thread - 5 - ModelEngine/INFO]: [ModelEngine] [A] Importing cranegame.bbmodel.
[00:18:03] [Craft Scheduler Thread - 5 - ModelEngine/WARN]: [ModelEngine] [A] --Warning: Eye height is below 0. Entity might suffocate.
[00:18:03] [Craft Scheduler Thread - 5 - ModelEngine/WARN]: [ModelEngine] [A] --Warning: The cube cube in bone cranegame has illegal rotations. Cube rotation can only be -45, -22.5, 0, 22.5 and 45. [ -67.5 ]
[00:18:03] [Craft Scheduler Thread - 5 - ModelEngine/INFO]: [ModelEngine] [A] 
[00:18:03] [Craft Scheduler Thread - 5 - ModelEngine/INFO]: [ModelEngine] [A] Importing cranegame_items.bbmodel.
[00:18:03] [Craft Scheduler Thread - 5 - ModelEngine/WARN]: [ModelEngine] [A] --Warning: Missing hitbox.
[00:18:03] [Craft Scheduler Thread - 5 - ModelEngine/INFO]: [ModelEngine] [A] 
[00:18:03] [Craft Scheduler Thread - 5 - ModelEngine/INFO]: [ModelEngine] [A] Importing lr_lockers.bbmodel.
[00:18:03] [Craft Scheduler Thread - 5 - ModelEngine/INFO]: [ModelEngine] [A] 
[00:18:03] [Craft Scheduler Thread - 5 - ModelEngine/INFO]: [ModelEngine] [A] Importing nm_orca.bbmodel.
[00:18:03] [Craft Scheduler Thread - 5 - ModelEngine/WARN]: [ModelEngine] Plugin ModelEngine vR4.0.7 generated an exception while executing task 11
java.lang.IllegalStateException: Shutdown in progress
	at java.base/java.lang.ApplicationShutdownHooks.add(ApplicationShutdownHooks.java:67) ~[?:?]
	at java.base/java.lang.Runtime.addShutdownHook(Runtime.java:250) ~[?:?]
	at java.desktop/com.sun.imageio.stream.StreamCloser.lambda$addToQueue$0(StreamCloser.java:101) ~[?:?]
	at java.base/java.security.AccessController.doPrivileged(AccessController.java:319) ~[?:?]
	at java.desktop/com.sun.imageio.stream.StreamCloser.addToQueue(StreamCloser.java:89) ~[?:?]
	at java.desktop/javax.imageio.stream.FileCacheImageInputStream.<init>(FileCacheImageInputStream.java:109) ~[?:?]
	at java.desktop/com.sun.imageio.spi.InputStreamImageInputStreamSpi.createInputStreamInstance(InputStreamImageInputStreamSpi.java:69) ~[?:?]
	at java.desktop/javax.imageio.ImageIO.createImageInputStream(ImageIO.java:357) ~[?:?]
	at java.desktop/javax.imageio.ImageIO.read(ImageIO.java:1359) ~[?:?]
	at ModelEngine-4.0.7.jar/com.ticxo.modelengine.api.utils.TFile.rawToImage(TFile.java:102) ~[ModelEngine-4.0.7.jar:?]
	at ModelEngine-4.0.7.jar/com.ticxo.modelengine.api.utils.TFile.toImage(TFile.java:95) ~[ModelEngine-4.0.7.jar:?]
	at ModelEngine-4.0.7.jar/com.ticxo.modelengine.core.generator.ModelGeneratorImpl.generateAssetsInternal(ModelGeneratorImpl.java:283) ~[ModelEngine-4.0.7.jar:?]
	at ModelEngine-4.0.7.jar/com.ticxo.modelengine.core.generator.ModelGeneratorImpl.generateAssets(ModelGeneratorImpl.java:96) ~[ModelEngine-4.0.7.jar:?]
	at ModelEngine-4.0.7.jar/com.ticxo.modelengine.core.generator.ModelGeneratorImpl.importModelsInternal(ModelGeneratorImpl.java:269) ~[ModelEngine-4.0.7.jar:?]
	at ModelEngine-4.0.7.jar/com.ticxo.modelengine.core.generator.ModelGeneratorImpl.lambda$importModels$0(ModelGeneratorImpl.java:84) ~[ModelEngine-4.0.7.jar:?]
	at ModelEngine-4.0.7.jar/com.ticxo.modelengine.api.utils.ticker.DualTicker.lambda$queueIOTask$6(DualTicker.java:75) ~[ModelEngine-4.0.7.jar:?]
	at ModelEngine-4.0.7.jar/com.ticxo.modelengine.api.utils.ticker.Task.tick(Task.java:25) ~[ModelEngine-4.0.7.jar:?]
	at java.base/java.util.ArrayList.removeIf(ArrayList.java:1755) ~[?:?]
	at java.base/java.util.ArrayList.removeIf(ArrayList.java:1743) ~[?:?]
	at ModelEngine-4.0.7.jar/com.ticxo.modelengine.api.utils.ticker.PseudoThread.tick(PseudoThread.java:77) ~[ModelEngine-4.0.7.jar:?]
	at org.bukkit.craftbukkit.scheduler.CraftTask.run(CraftTask.java:86) ~[paper-1.21.1.jar:1.21.1-57-b483da4]
	at org.bukkit.craftbukkit.scheduler.CraftAsyncTask.run(CraftAsyncTask.java:57) ~[paper-1.21.1.jar:1.21.1-57-b483da4]
	at com.destroystokyo.paper.ServerSchedulerReportingWrapper.run(ServerSchedulerReportingWrapper.java:22) ~[paper-1.21.1.jar:?]
	at java.base/java.util.concurrent.ThreadPoolExecutor.runWorker(ThreadPoolExecutor.java:1144) ~[?:?]
	at java.base/java.util.concurrent.ThreadPoolExecutor$Worker.run(ThreadPoolExecutor.java:642) ~[?:?]
	at java.base/java.lang.Thread.run(Thread.java:1583) ~[?:?]
[00:18:04] [Thread-0/INFO]: [ConsoleSpamFix] Disabling ConsoleSpamFix v1.10.0
[00:18:04] [Thread-0/INFO]: [ConsoleSpamFix] Messages hidden since the server started: 0
[00:18:04] [Thread-0/INFO]: [ConsoleSpamFix] ConsoleSpamFix is disabled!
[00:18:04] [Thread-0/INFO]: [DeluxeMenus] Disabling DeluxeMenus v1.14.1-DEV-184
[00:18:04] [Thread-0/INFO]: [Quests] Disabling Quests v3.15.2-b216e2b
[00:18:04] [Thread-0/INFO]: [Craftorithm] Disabling Craftorithm v1.10.22-20251003
[00:18:04] [Thread-0/INFO]: [XConomy] Disabling XConomy v2.26.3
[00:18:04] [Thread-0/INFO]: [XConomy] XConomy successfully disabled
[00:18:04] [Server thread/INFO]: [Craftorithm] Found ItemsAdder, hooked successfully.
[00:18:04] [Server thread/INFO]: [Craftorithm] Found MythicMobs, hooked successfully.
[00:18:04] [Thread-0/INFO]: [EssentialsSpawn] Disabling EssentialsSpawn v2.21.0-dev+149-424816e
[00:18:04] [Thread-0/INFO]: [DecentHolograms] Disabling DecentHolograms v2.9.8
[00:18:04] [Thread-0/INFO]: [MCPets] Disabling MCPets v4.1.5-SNAPSHOT
[00:18:04] [Thread-0/INFO]: -=-=-=-= MCPets disabled =-=-=-=-
[00:18:04] [Thread-0/INFO]:           See you soon           
[00:18:04] [Thread-0/INFO]: -=-=-=-= -=-=-=-=-=-=-=- =-=-=-=-
[00:18:04] [Thread-0/INFO]: [MyCommand] Disabling MyCommand v5.7.4
[00:18:04] [Thread-0/INFO]: *-=-=-=-=-=-=-=-=-* MyCommand v.5.7.4*-=-=-=-=-=-=-=-=-=-*
[00:18:04] [Thread-0/INFO]: | Tasks : Stopped all tasks.
[00:18:04] [Thread-0/INFO]: *-=-=-=-=-=-=-=-=-=-*    Bye!   *-=-=-=-=-=-=-=-=-=-=-*
[00:18:04] [Thread-0/INFO]: [MythicCrucible] Disabling MythicCrucible v2.1.0-SNAPSHOT
[00:18:04] [Thread-0/INFO]: [ajLeaderboards] Disabling ajLeaderboards v2.10.1
[00:18:04] [pool-72-thread-1/INFO]: [ajLeaderboards] Shutting down cache method..
[00:18:04] [pool-72-thread-1/INFO]: [ajLeaderboards] Cache method shut down
[00:18:04] [Thread-0/INFO]: [ajLeaderboards] Killing remaining workers
[00:18:04] [Thread-0/INFO]: [ajLeaderboards] Remaining workers killed
[00:18:04] [Thread-0/INFO]: [ajLeaderboards] ajLeaderboards v2.10.1 disabled.
[00:18:04] [Thread-0/INFO]: [CMILib] Disabling CMILib v1.5.2.3
[00:18:04] [Thread-0/INFO]: [TAB] Disabling TAB v5.0.3
[00:18:04] [Thread-0/INFO]: [TAB] Disabled in 9ms
[00:18:04] [Thread-0/INFO]: [EssentialsChat] Disabling EssentialsChat v2.21.0-dev+149-424816e
[00:18:04] [Thread-0/INFO]: [ShopGUIPlus] Disabling ShopGUIPlus v1.101.1
[00:18:04] [Thread-0/INFO]: [SkinsRestorer] Disabling SkinsRestorer v15.9.1
[00:18:04] [Thread-0/INFO]: [ItemsAdder] Disabling ItemsAdder v4.0.15
[00:18:04] [Server thread/INFO]: Done (145.707s)! For help, type "help"
[00:18:04] [Server thread/ERROR]: Encountered an unexpected exception
java.lang.RuntimeException: Platform has already been enabled!
	at me.lucko.spark.paper.common.SparkPlatform.enable(SparkPlatform.java:184) ~[spark-paper-1.10.99-SNAPSHOT.jar:?]
	at me.lucko.spark.paper.PaperSparkPlugin.enable(PaperSparkPlugin.java:75) ~[spark-paper-1.10.99-SNAPSHOT.jar:?]
	at io.papermc.paper.SparksFly.enable(SparksFly.java:113) ~[paper-1.21.1.jar:1.21.1-57-b483da4]
	at io.papermc.paper.SparksFly.enableBeforePlugins(SparksFly.java:94) ~[paper-1.21.1.jar:1.21.1-57-b483da4]
	at net.minecraft.server.MinecraftServer.runServer(MinecraftServer.java:1233) ~[paper-1.21.1.jar:1.21.1-57-b483da4]
	at net.minecraft.server.MinecraftServer.lambda$spin$0(MinecraftServer.java:330) ~[paper-1.21.1.jar:1.21.1-57-b483da4]
	at java.base/java.lang.Thread.run(Thread.java:1583) ~[?:?]
[00:18:04] [Thread-0/INFO]: [Orebfuscator] Disabling Orebfuscator v5.5.1
[00:18:04] [Thread-0/INFO]: [ModelEngine] Disabling ModelEngine vR4.0.7
[00:18:04] [Thread-0/INFO]: [Essentials] Disabling Essentials v2.21.0-dev+149-424816e
[00:18:04] [Thread-0/INFO]: [Vault] [Economy] Essentials Economy unhooked.
[00:18:04] [Thread-0/INFO]: [ProtocolLib] Disabling ProtocolLib v5.4.0
[00:18:04] [Thread-0/INFO]: [MythicMobs] Disabling MythicMobs v5.8.0-SNAPSHOT-7b1a5e36
[00:18:04] [Thread-0/INFO]: [MythicMobs] ------------------------------------------------------------
[00:18:04] [Thread-0/INFO]: [MythicMobs] - 
[00:18:04] [Thread-0/INFO]: [MythicMobs] - Unloading Mythic...
[00:18:04] [Thread-0/INFO]: [MythicMobs] - 
[00:18:04] [Thread-0/INFO]: [MythicMobs] ------------------------------------------------------------
[00:18:04] [Thread-0/INFO]: [MythicMobs] - Spawners saved and unloaded...
[00:18:04] [Thread-0/INFO]: [MythicMobs] - Mobs saved and unloaded...
[00:18:04] [Thread-0/INFO]: [MythicMobs] Saving plugin data...
[00:18:04] [Thread-0/INFO]: [MythicMobs] ✓Saving Finished
[00:18:04] [Thread-0/INFO]: [MythicMobs] - Variables saved...
[00:18:04] [Thread-0/INFO]: [MythicMobs] - All active settings have been saved!
[00:18:04] [Thread-0/INFO]: [MythicMobs] - Mythic has been unloaded!
[00:18:04] [Thread-0/INFO]: [MythicMobs] ------------------------------------------------------------
[00:18:04] [Thread-0/INFO]: [MythicMobs] Saving plugin data...
[00:18:04] [Thread-0/INFO]: [MythicMobs] ✓Saving Finished
[00:18:04] [Thread-0/INFO]: [PlaceholderAPI] Disabling PlaceholderAPI v2.11.6
[00:18:04] [Thread-0/INFO]: [Multiverse-Core] Disabling Multiverse-Core v4.3.14
[00:18:05] [Thread-0/INFO]: [WorldGuard] Disabling WorldGuard v7.0.12+829a4a4
[00:18:05] [Thread-0/INFO]: [WorldGuard] Shutting down executor and cancelling any pending tasks...
[00:18:05] [Thread-0/INFO]: [WorldEdit] Disabling WorldEdit v7.3.9+6959-7adf70b
[00:18:05] [Server thread/ERROR]: This crash report has been saved to: /workspaces/TestServer/servidor_minecraft/crash-reports/crash-2025-12-23_00.18.04-server.txt
[00:18:05] [Thread-0/INFO]: Unregistering com.sk89q.worldedit.bukkit.BukkitServerInterface from WorldEdit
[00:18:05] [Thread-0/INFO]: [Vault] Disabling Vault v1.7.3-b131
[00:18:05] [Thread-0/INFO]: [LuckPerms] Disabling LuckPerms v5.4.131
[00:18:05] [Thread-0/INFO]: [LuckPerms] Starting shutdown process...
[00:18:05] [Thread-0/INFO]: [LuckPerms] Closing storage...
[00:18:05] [Thread-0/INFO]: [LuckPerms] Goodbye!
[00:18:10] [Thread-0/ERROR]: Nag author(s): '[Zenexer, ementalo, Aelux, Brettflan, KimKandor, snowleo, ceulemans, Xeology, KHobbits, md_5, Iaccidentally, drtshock, vemacs, SupaHam, mdcfe, JRoy, pop4959]' of 'Essentials v2.21.0-dev+149-424816e' about the following: This plugin is not properly shutting down its async tasks when it is being shut down. This task may throw errors during the final shutdown logs and might not complete before process dies.
[00:18:10] [Thread-0/INFO]: Saving players
[00:18:10] [Thread-0/WARN]: Asynchronous Save Players! Blocking thread until it returns 
java.lang.IllegalStateException: null
	at io.papermc.paper.util.MCUtil.ensureMain(MCUtil.java:112) ~[paper-1.21.1.jar:1.21.1-57-b483da4]
	at net.minecraft.server.players.PlayerList.saveAll(PlayerList.java:1195) ~[paper-1.21.1.jar:1.21.1-57-b483da4]
	at net.minecraft.server.players.PlayerList.saveAll(PlayerList.java:1191) ~[paper-1.21.1.jar:1.21.1-57-b483da4]
	at net.minecraft.server.MinecraftServer.stopServer(MinecraftServer.java:1055) ~[paper-1.21.1.jar:1.21.1-57-b483da4]
	at net.minecraft.server.dedicated.DedicatedServer.stopServer(DedicatedServer.java:847) ~[paper-1.21.1.jar:1.21.1-57-b483da4]
	at net.minecraft.server.MinecraftServer.close(MinecraftServer.java:1009) ~[paper-1.21.1.jar:1.21.1-57-b483da4]
	at org.bukkit.craftbukkit.util.ServerShutdownThread.run(ServerShutdownThread.java:27) ~[paper-1.21.1.jar:1.21.1-57-b483da4]
